1 dynarray.c:84 0x4212a9 24
2 dynarray.c:95 0x4234c9 16
1 bdtBad4.c:663 0x4234f9 1
4 dynarray.c:112 0x4234c9 16
4 dynarray.c:113 0x4212a9 24
2 path.c:128 0x423519 24
4 path.c:254 0x423519 24
1 dynarray.c:84 0x423519 24
2 dynarray.c:95 0x423549 16
1 bdtBad4.c:663 0x423579 1
4 dynarray.c:112 0x423549 16
4 dynarray.c:113 0x423519 24
2 path.c:128 0x423599 24
1 dynarray.c:84 0x423519 24
2 dynarray.c:95 0x4235c9 16
2 path.c:90 0x4235f9 6
1 path.c:143 0x423619 6
4 path.c:246 0x423619 6
4 path.c:31 0x4235f9 6
4 dynarray.c:112 0x4235c9 16
4 dynarray.c:113 0x423519 24
4 path.c:254 0x423599 24
1 dynarray.c:84 0x423599 24
2 dynarray.c:95 0x423639 16
1 bdtBad4.c:663 0x4235f9 1
4 dynarray.c:112 0x423639 16
4 dynarray.c:113 0x423599 24
4 bdt_client.c:39 0x4235f9 1
2 path.c:128 0x423669 24
4 path.c:254 0x423669 24
2 path.c:128 0x423669 24
1 dynarray.c:84 0x423599 24
2 dynarray.c:95 0x423699 16
4 dynarray.c:112 0x423699 16
4 dynarray.c:113 0x423599 24
4 path.c:254 0x423669 24
2 path.c:128 0x423669 24
1 dynarray.c:84 0x423699 24
2 dynarray.c:95 0x423599 16
2 path.c:90 0x4236c9 6
2 path.c:90 0x4236e9 7
4 path.c:31 0x4236c9 6
4 path.c:31 0x4236e9 7
4 dynarray.c:112 0x423599 16
4 dynarray.c:113 0x423699 24
4 path.c:254 0x423669 24
2 path.c:128 0x423669 24
1 dynarray.c:84 0x423599 24
2 dynarray.c:95 0x423699 16
2 path.c:90 0x423709 6
4 path.c:31 0x423709 6
4 dynarray.c:112 0x423699 16
4 dynarray.c:113 0x423599 24
4 path.c:254 0x423669 24
1 dynarray.c:84 0x423699 24
2 dynarray.c:95 0x423669 16
1 bdtBad4.c:663 0x423709 1
4 dynarray.c:112 0x423669 16
4 dynarray.c:113 0x423699 24
1 dynarray.c:84 0x423599 24
2 dynarray.c:95 0x423699 16
1 bdtBad4.c:663 0x4236e9 1
4 dynarray.c:112 0x423699 16
4 dynarray.c:113 0x423599 24
2 path.c:128 0x423599 24
1 dynarray.c:84 0x423669 24
2 dynarray.c:95 0x423699 16
2 path.c:90 0x423729 6
1 path.c:143 0x4236c9 6
2 path.c:178 0x423749 24
1 dynarray.c:84 0x423639 24
2 dynarray.c:95 0x423779 16
2 path.c:191 0x4237a9 6
2 path.c:205 0x4237c9 6
3 path.c:223 0x4237a9 0x4237a9 6 6
1 bdtBad4.c:143 0x4237e9 32
2 path.c:178 0x423829 24
1 dynarray.c:84 0x423519 24
2 dynarray.c:95 0x423859 16
2 path.c:191 0x423889 6
2 path.c:205 0x4238a9 6
3 path.c:223 0x423889 0x423889 6 6
4 path.c:246 0x4237a9 6
4 path.c:31 0x4237c9 6
4 dynarray.c:112 0x423779 16
4 dynarray.c:113 0x423639 24
4 path.c:254 0x423749 24
4 path.c:246 0x4236c9 6
4 path.c:31 0x423729 6
4 dynarray.c:112 0x423699 16
4 dynarray.c:113 0x423669 24
4 path.c:254 0x423599 24
1 dynarray.c:84 0x423749 24
2 dynarray.c:95 0x423599 16
1 bdtBad4.c:663 0x423729 6
4 dynarray.c:112 0x423599 16
4 dynarray.c:113 0x423749 24
1 dynarray.c:84 0x423669 24
2 dynarray.c:95 0x423749 16
1 bdtBad4.c:663 0x4236c9 6
4 dynarray.c:112 0x423749 16
4 dynarray.c:113 0x423669 24
2 path.c:128 0x423669 24
1 dynarray.c:84 0x423599 24
2 dynarray.c:95 0x423749 16
2 path.c:90 0x4238c9 6
2 path.c:90 0x4238e9 7
2 path.c:90 0x423909 12
3 dynarray.c:69 0x423929 0x423749 16 32
1 path.c:143 0x423699 25
2 path.c:178 0x423749 24
1 dynarray.c:84 0x423639 24
2 dynarray.c:95 0x423969 16
2 path.c:191 0x423999 25
2 path.c:205 0x4239c9 6
3 path.c:223 0x423999 0x423999 25 6
4 path.c:246 0x423999 6
4 path.c:31 0x4239c9 6
4 dynarray.c:112 0x423969 16
4 dynarray.c:113 0x423639 24
4 path.c:254 0x423749 24
2 path.c:178 0x423749 24
1 dynarray.c:84 0x423969 24
2 dynarray.c:95 0x423639 16
2 path.c:191 0x4239e9 25
2 path.c:205 0x423a19 6
2 path.c:205 0x423a39 7
3 path.c:223 0x4239e9 0x4239e9 25 13
4 path.c:246 0x4239e9 13
4 path.c:31 0x423a19 6
4 path.c:31 0x423a39 7
4 dynarray.c:112 0x423639 16
4 dynarray.c:113 0x423969 24
4 path.c:254 0x423749 24
2 path.c:178 0x423749 24
1 dynarray.c:84 0x4239e9 24
2 dynarray.c:95 0x423969 16
2 path.c:191 0x423a59 25
2 path.c:205 0x423a89 6
2 path.c:205 0x423aa9 7
3 path.c:223 0x423a59 0x423a59 25 13
1 bdtBad4.c:143 0x423ac9 32
2 path.c:178 0x423b09 24
1 dynarray.c:84 0x423639 24
2 dynarray.c:95 0x423b39 16
2 path.c:191 0x423b69 13
2 path.c:205 0x423b89 6
2 path.c:205 0x423ba9 7
3 path.c:223 0x423b69 0x423b69 13 13
4 path.c:246 0x423a59 13
4 path.c:31 0x423a89 6
4 path.c:31 0x423aa9 7
4 dynarray.c:112 0x423969 16
4 dynarray.c:113 0x4239e9 24
4 path.c:254 0x423749 24
2 path.c:178 0x423749 24
1 dynarray.c:84 0x423a59 24
2 dynarray.c:95 0x4239e9 24
2 path.c:191 0x423bc9 25
2 path.c:205 0x423aa9 6
2 path.c:205 0x423a89 7
2 path.c:205 0x423bf9 12
3 path.c:223 0x423bc9 0x423bc9 25 25
1 bdtBad4.c:143 0x423c19 32
2 path.c:178 0x423c59 24
1 dynarray.c:84 0x423969 24
2 dynarray.c:95 0x423c89 24
2 path.c:191 0x423cb9 25
2 path.c:205 0x423ce9 6
2 path.c:205 0x423d09 7
2 path.c:205 0x423d29 12
3 path.c:223 0x423cb9 0x423cb9 25 25
4 path.c:246 0x423bc9 25
4 path.c:31 0x423aa9 6
4 path.c:31 0x423a89 7
4 path.c:31 0x423bf9 12
4 dynarray.c:112 0x4239e9 24
4 dynarray.c:113 0x423a59 24
4 path.c:254 0x423749 24
4 path.c:246 0x423699 25
4 path.c:31 0x4238c9 6
4 path.c:31 0x4238e9 7
4 path.c:31 0x423909 12
4 dynarray.c:112 0x423929 32
4 dynarray.c:113 0x423599 24
4 path.c:254 0x423669 24
1 dynarray.c:84 0x423bc9 24
2 dynarray.c:95 0x423669 24
1 bdtBad4.c:663 0x423929 42
4 dynarray.c:112 0x423669 24
4 dynarray.c:113 0x423bc9 24
2 path.c:128 0x423bc9 24
1 dynarray.c:84 0x423599 24
2 dynarray.c:95 0x423669 16
2 path.c:90 0x423909 6
1 path.c:143 0x423a39 6
2 path.c:178 0x423749 24
1 dynarray.c:84 0x423699 24
2 dynarray.c:95 0x423a59 16
2 path.c:191 0x4238e9 6
2 path.c:205 0x423bf9 6
3 path.c:223 0x4238e9 0x4238e9 6 6
4 path.c:246 0x4238e9 6
4 path.c:31 0x423bf9 6
4 dynarray.c:112 0x423a59 16
4 dynarray.c:113 0x423699 24
4 path.c:254 0x423749 24
4 path.c:246 0x423a39 6
4 path.c:31 0x423909 6
4 dynarray.c:112 0x423669 16
4 dynarray.c:113 0x423599 24
4 path.c:254 0x423bc9 24
2 path.c:128 0x423bc9 24
1 dynarray.c:84 0x4239e9 24
2 dynarray.c:95 0x423599 16
2 path.c:90 0x423909 6
2 path.c:90 0x423a39 7
1 path.c:143 0x4238c9 13
2 path.c:178 0x423749 24
1 dynarray.c:84 0x423669 24
2 dynarray.c:95 0x423699 16
2 path.c:191 0x423bf9 13
2 path.c:205 0x423a89 6
3 path.c:223 0x423bf9 0x423bf9 13 6
4 path.c:246 0x423bf9 6
4 path.c:31 0x423a89 6
4 dynarray.c:112 0x423699 16
4 dynarray.c:113 0x423669 24
4 path.c:254 0x423749 24
2 path.c:178 0x423749 24
1 dynarray.c:84 0x423a59 24
2 dynarray.c:95 0x423669 16
2 path.c:191 0x423a89 13
2 path.c:205 0x423bf9 6
2 path.c:205 0x423aa9 7
3 path.c:223 0x423a89 0x423a89 13 13
4 path.c:246 0x423a89 13
4 path.c:31 0x423bf9 6
4 path.c:31 0x423aa9 7
4 dynarray.c:112 0x423669 16
4 dynarray.c:113 0x423a59 24
4 path.c:254 0x423749 24
4 path.c:246 0x4238c9 13
4 path.c:31 0x423909 6
4 path.c:31 0x423a39 7
4 dynarray.c:112 0x423599 16
4 dynarray.c:113 0x4239e9 24
4 path.c:254 0x423bc9 24
2 path.c:128 0x423bc9 24
1 dynarray.c:84 0x423699 24
2 dynarray.c:95 0x4239e9 16
2 path.c:90 0x423a39 6
2 path.c:90 0x423909 7
2 path.c:90 0x4238c9 12
3 dynarray.c:69 0x423d49 0x4239e9 16 32
1 path.c:143 0x423599 25
2 path.c:178 0x4239e9 24
1 dynarray.c:84 0x423749 24
2 dynarray.c:95 0x423a59 16
2 path.c:191 0x423d89 25
2 path.c:205 0x423aa9 6
3 path.c:223 0x423d89 0x423d89 25 6
4 path.c:246 0x423d89 6
4 path.c:31 0x423aa9 6
4 dynarray.c:112 0x423a59 16
4 dynarray.c:113 0x423749 24
4 path.c:254 0x4239e9 24
2 path.c:178 0x4239e9 24
1 dynarray.c:84 0x423669 24
2 dynarray.c:95 0x423749 16
2 path.c:191 0x423d89 25
2 path.c:205 0x423aa9 6
2 path.c:205 0x423bf9 7
3 path.c:223 0x423d89 0x423d89 25 13
4 path.c:246 0x423d89 13
4 path.c:31 0x423aa9 6
4 path.c:31 0x423bf9 7
4 dynarray.c:112 0x423749 16
4 dynarray.c:113 0x423669 24
4 path.c:254 0x4239e9 24
2 path.c:178 0x4239e9 24
1 dynarray.c:84 0x423a59 24
2 dynarray.c:95 0x423669 24
2 path.c:191 0x423d89 25
2 path.c:205 0x423bf9 6
2 path.c:205 0x423aa9 7
2 path.c:205 0x423a89 12
3 path.c:223 0x423d89 0x423d89 25 25
4 path.c:246 0x423d89 25
4 path.c:31 0x423bf9 6
4 path.c:31 0x423aa9 7
4 path.c:31 0x423a89 12
4 dynarray.c:112 0x423669 24
4 dynarray.c:113 0x423a59 24
4 path.c:254 0x4239e9 24
4 path.c:246 0x423599 25
4 path.c:31 0x423a39 6
4 path.c:31 0x423909 7
4 path.c:31 0x4238c9 12
4 dynarray.c:112 0x423d49 32
4 dynarray.c:113 0x423699 24
4 path.c:254 0x423bc9 24
2 path.c:128 0x423bc9 24
1 dynarray.c:84 0x423749 24
2 dynarray.c:95 0x423699 16
2 path.c:90 0x4238c9 12
1 path.c:143 0x4238e9 12
2 path.c:178 0x4239e9 24
1 dynarray.c:84 0x423599 24
2 dynarray.c:95 0x423a59 16
2 path.c:191 0x423909 12
2 path.c:205 0x423a89 12
3 path.c:223 0x423909 0x423909 12 12
4 path.c:246 0x423909 12
4 path.c:31 0x423a89 12
4 dynarray.c:112 0x423a59 16
4 dynarray.c:113 0x423599 24
4 path.c:254 0x4239e9 24
4 path.c:246 0x4238e9 12
4 path.c:31 0x4238c9 12
4 dynarray.c:112 0x423699 16
4 dynarray.c:113 0x423749 24
4 path.c:254 0x423bc9 24
2 path.c:128 0x423bc9 24
1 dynarray.c:84 0x423669 24
2 dynarray.c:95 0x423749 16
2 path.c:90 0x4238c9 12
1 path.c:143 0x423a39 12
2 path.c:178 0x4239e9 24
1 dynarray.c:84 0x423699 24
2 dynarray.c:95 0x423599 16
2 path.c:191 0x4238e9 12
2 path.c:205 0x423909 12
3 path.c:223 0x4238e9 0x4238e9 12 12
4 path.c:246 0x4238e9 12
4 path.c:31 0x423909 12
4 dynarray.c:112 0x423599 16
4 dynarray.c:113 0x423699 24
4 path.c:254 0x4239e9 24
4 path.c:246 0x423a39 12
4 path.c:31 0x4238c9 12
4 dynarray.c:112 0x423749 16
4 dynarray.c:113 0x423669 24
4 path.c:254 0x423bc9 24
1 dynarray.c:84 0x423a59 24
2 dynarray.c:95 0x423bc9 24
1 bdtBad4.c:663 0x423d49 42
4 dynarray.c:112 0x423bc9 24
4 dynarray.c:113 0x423a59 24
2 path.c:128 0x423a59 24
1 dynarray.c:84 0x423669 24
2 dynarray.c:95 0x423bc9 16
2 path.c:90 0x4238c9 12
1 path.c:143 0x423a89 12
2 path.c:178 0x4239e9 24
1 dynarray.c:84 0x423749 24
2 dynarray.c:95 0x423699 16
2 path.c:191 0x423a39 12
2 path.c:205 0x4238e9 12
3 path.c:223 0x423a39 0x423a39 12 12
4 path.c:246 0x423a39 12
4 path.c:31 0x4238e9 12
4 dynarray.c:112 0x423699 16
4 dynarray.c:113 0x423749 24
4 path.c:254 0x4239e9 24
4 path.c:246 0x423a89 12
4 path.c:31 0x4238c9 12
4 dynarray.c:112 0x423bc9 16
4 dynarray.c:113 0x423669 24
4 path.c:254 0x423a59 24
2 path.c:128 0x423a59 24
1 dynarray.c:84 0x423599 24
2 dynarray.c:95 0x423669 16
2 path.c:90 0x4238c9 6
2 path.c:90 0x423a89 8
1 path.c:143 0x423909 14
2 path.c:178 0x4239e9 24
1 dynarray.c:84 0x423bc9 24
2 dynarray.c:95 0x423749 16
2 path.c:191 0x4238e9 14
2 path.c:205 0x423aa9 6
3 path.c:223 0x4238e9 0x4238e9 14 6
4 path.c:246 0x4238e9 6
4 path.c:31 0x423aa9 6
4 dynarray.c:112 0x423749 16
4 dynarray.c:113 0x423bc9 24
4 path.c:254 0x4239e9 24
2 path.c:178 0x4239e9 24
1 dynarray.c:84 0x423699 24
2 dynarray.c:95 0x423bc9 16
2 path.c:191 0x423aa9 14
2 path.c:205 0x4238e9 6
2 path.c:205 0x423bf9 8
3 path.c:223 0x423aa9 0x423aa9 14 14
4 path.c:246 0x423aa9 14
4 path.c:31 0x4238e9 6
4 path.c:31 0x423bf9 8
4 dynarray.c:112 0x423bc9 16
4 dynarray.c:113 0x423699 24
4 path.c:254 0x4239e9 24
4 path.c:246 0x423909 14
4 path.c:31 0x4238c9 6
4 path.c:31 0x423a89 8
4 dynarray.c:112 0x423669 16
4 dynarray.c:113 0x423599 24
4 path.c:254 0x423a59 24
2 path.c:128 0x423a59 24
1 dynarray.c:84 0x423749 24
2 dynarray.c:95 0x423599 16
2 path.c:90 0x423a89 6
2 path.c:90 0x4238c9 7
2 path.c:90 0x423909 12
3 dynarray.c:69 0x423db9 0x423599 16 32
1 path.c:143 0x423669 25
2 path.c:178 0x423599 24
1 dynarray.c:84 0x4239e9 24
2 dynarray.c:95 0x423699 16
2 path.c:191 0x423d89 25
2 path.c:205 0x423bf9 6
3 path.c:223 0x423d89 0x423d89 25 6
4 path.c:246 0x423d89 6
4 path.c:31 0x423bf9 6
4 dynarray.c:112 0x423699 16
4 dynarray.c:113 0x4239e9 24
4 path.c:254 0x423599 24
2 path.c:178 0x423599 24
1 dynarray.c:84 0x423bc9 24
2 dynarray.c:95 0x4239e9 16
2 path.c:191 0x423d89 25
2 path.c:205 0x423bf9 6
2 path.c:205 0x4238e9 7
3 path.c:223 0x423d89 0x423d89 25 13
4 path.c:246 0x423d89 13
4 path.c:31 0x423bf9 6
4 path.c:31 0x4238e9 7
4 dynarray.c:112 0x4239e9 16
4 dynarray.c:113 0x423bc9 24
4 path.c:254 0x423599 24
2 path.c:178 0x423599 24
1 dynarray.c:84 0x423699 24
2 dynarray.c:95 0x423bc9 24
2 path.c:191 0x423d89 25
2 path.c:205 0x4238e9 6
2 path.c:205 0x423bf9 7
2 path.c:205 0x423aa9 12
3 path.c:223 0x423d89 0x423d89 25 25
4 path.c:246 0x423d89 25
4 path.c:31 0x4238e9 6
4 path.c:31 0x423bf9 7
4 path.c:31 0x423aa9 12
4 dynarray.c:112 0x423bc9 24
4 dynarray.c:113 0x423699 24
4 path.c:254 0x423599 24
4 path.c:246 0x423669 25
4 path.c:31 0x423a89 6
4 path.c:31 0x4238c9 7
4 path.c:31 0x423909 12
4 dynarray.c:112 0x423db9 32
4 dynarray.c:113 0x423749 24
4 path.c:254 0x423a59 24
2 path.c:128 0x423a59 24
1 dynarray.c:84 0x4239e9 24
2 dynarray.c:95 0x423749 16
2 path.c:90 0x423909 12
2 path.c:90 0x4238c9 6
2 path.c:90 0x423a89 9
3 dynarray.c:69 0x423df9 0x423749 16 32
1 path.c:143 0x423669 27
2 path.c:178 0x423749 24
1 dynarray.c:84 0x423599 24
2 dynarray.c:95 0x423699 16
2 path.c:191 0x423d89 27
2 path.c:205 0x423aa9 12
3 path.c:223 0x423d89 0x423d89 27 12
4 path.c:246 0x423d89 12
4 path.c:31 0x423aa9 12
4 dynarray.c:112 0x423699 16
4 dynarray.c:113 0x423599 24
4 path.c:254 0x423749 24
4 path.c:246 0x423669 27
4 path.c:31 0x423909 12
4 path.c:31 0x4238c9 6
4 path.c:31 0x423a89 9
4 dynarray.c:112 0x423df9 32
4 dynarray.c:113 0x4239e9 24
4 path.c:254 0x423a59 24
2 path.c:128 0x423a59 24
1 dynarray.c:84 0x423bc9 24
2 dynarray.c:95 0x4239e9 16
2 path.c:90 0x423a89 6
2 path.c:90 0x4238c9 8
1 path.c:143 0x423a39 14
2 path.c:178 0x423749 24
1 dynarray.c:84 0x423669 24
2 dynarray.c:95 0x423599 16
2 path.c:191 0x423909 14
2 path.c:205 0x423bf9 6
3 path.c:223 0x423909 0x423909 14 6
4 path.c:246 0x423909 6
4 path.c:31 0x423bf9 6
4 dynarray.c:112 0x423599 16
4 dynarray.c:113 0x423669 24
4 path.c:254 0x423749 24
2 path.c:178 0x423749 24
1 dynarray.c:84 0x423699 24
2 dynarray.c:95 0x423669 16
2 path.c:191 0x423bf9 14
2 path.c:205 0x423909 6
2 path.c:205 0x4238e9 8
3 path.c:223 0x423bf9 0x423bf9 14 14
4 path.c:246 0x423bf9 14
4 path.c:31 0x423909 6
4 path.c:31 0x4238e9 8
4 dynarray.c:112 0x423669 16
4 dynarray.c:113 0x423699 24
4 path.c:254 0x423749 24
2 path.c:178 0x423749 24
1 dynarray.c:84 0x423599 24
2 dynarray.c:95 0x423699 16
2 path.c:191 0x4238e9 14
2 path.c:205 0x423909 6
2 path.c:205 0x423bf9 8
3 path.c:223 0x4238e9 0x4238e9 14 14
1 bdtBad4.c:143 0x423df9 32
2 path.c:178 0x423d89 24
1 dynarray.c:84 0x423669 24
2 dynarray.c:95 0x423e39 16
2 path.c:191 0x423e69 14
2 path.c:205 0x423e89 6
2 path.c:205 0x423ea9 8
3 path.c:223 0x423e69 0x423e69 14 14
4 path.c:246 0x4238e9 14
4 path.c:31 0x423909 6
4 path.c:31 0x423bf9 8
4 dynarray.c:112 0x423699 16
4 dynarray.c:113 0x423599 24
4 path.c:254 0x423749 24
4 path.c:246 0x423a39 14
4 path.c:31 0x423a89 6
4 path.c:31 0x4238c9 8
4 dynarray.c:112 0x4239e9 16
4 dynarray.c:113 0x423bc9 24
4 path.c:254 0x423a59 24
1 dynarray.c:84 0x423699 24
2 dynarray.c:95 0x423ec9 32
1 bdtBad4.c:663 0x423f09 55
4 dynarray.c:112 0x423ec9 32
4 dynarray.c:113 0x423699 24
2 path.c:128 0x423a59 24
1 dynarray.c:84 0x423699 24
2 dynarray.c:95 0x423bc9 16
2 path.c:90 0x4238c9 6
2 path.c:90 0x423a89 7
1 path.c:143 0x423aa9 13
2 path.c:178 0x423749 24
1 dynarray.c:84 0x4239e9 24
2 dynarray.c:95 0x423599 16
2 path.c:191 0x423a39 13
2 path.c:205 0x423909 6
3 path.c:223 0x423a39 0x423a39 13 6
4 path.c:246 0x423a39 6
4 path.c:31 0x423909 6
4 dynarray.c:112 0x423599 16
4 dynarray.c:113 0x4239e9 24
4 path.c:254 0x423749 24
2 path.c:178 0x423749 24
1 dynarray.c:84 0x423599 24
2 dynarray.c:95 0x4239e9 16
2 path.c:191 0x423909 13
2 path.c:205 0x423a39 6
2 path.c:205 0x4238e9 7
3 path.c:223 0x423909 0x423909 13 13
4 path.c:246 0x423909 13
4 path.c:31 0x423a39 6
4 path.c:31 0x4238e9 7
4 dynarray.c:112 0x4239e9 16
4 dynarray.c:113 0x423599 24
4 path.c:254 0x423749 24
2 path.c:178 0x423749 24
1 dynarray.c:84 0x4239e9 24
2 dynarray.c:95 0x423599 16
2 path.c:191 0x4238e9 13
2 path.c:205 0x423a39 6
2 path.c:205 0x423909 7
3 path.c:223 0x4238e9 0x4238e9 13 13
1 bdtBad4.c:143 0x423ec9 32
2 path.c:178 0x423f59 24
1 dynarray.c:84 0x423999 24
2 dynarray.c:95 0x423f89 16
2 path.c:191 0x423fb9 13
2 path.c:205 0x423fd9 6
2 path.c:205 0x423ff9 7
3 path.c:223 0x423fb9 0x423fb9 13 13
4 path.c:246 0x423fb9 13
4 path.c:31 0x423fd9 6
4 path.c:31 0x423ff9 7
4 dynarray.c:112 0x423f89 16
4 dynarray.c:113 0x423999 24
4 path.c:254 0x423f59 24
4 bdtBad4.c:193 0x423ec9 32
4 path.c:246 0x423aa9 13
4 path.c:31 0x4238c9 6
4 path.c:31 0x423a89 7
4 dynarray.c:112 0x423bc9 16
4 dynarray.c:113 0x423699 24
4 path.c:254 0x423a59 24
4 path.c:246 0x4238e9 13
4 path.c:31 0x423a39 6
4 path.c:31 0x423909 7
4 dynarray.c:112 0x423599 16
4 dynarray.c:113 0x4239e9 24
4 path.c:254 0x423749 24
2 path.c:128 0x423749 24
1 dynarray.c:84 0x423999 24
2 dynarray.c:95 0x4239e9 16
2 path.c:90 0x423909 6
2 path.c:90 0x423a39 4
2 path.c:90 0x4238e9 5
3 dynarray.c:69 0x424019 0x4239e9 16 32
2 path.c:90 0x423a89 7
1 path.c:143 0x423599 22
2 path.c:178 0x4239e9 24
1 dynarray.c:84 0x423a59 24
2 dynarray.c:95 0x423699 16
2 path.c:191 0x423f59 22
2 path.c:205 0x4238c9 6
3 path.c:223 0x423f59 0x423f59 22 6
4 path.c:246 0x423f59 6
4 path.c:31 0x4238c9 6
4 dynarray.c:112 0x423699 16
4 dynarray.c:113 0x423a59 24
4 path.c:254 0x4239e9 24
2 path.c:178 0x4239e9 24
1 dynarray.c:84 0x423bc9 24
2 dynarray.c:95 0x423a59 16
2 path.c:191 0x423f59 22
2 path.c:205 0x4238c9 6
2 path.c:205 0x423aa9 4
3 path.c:223 0x423f59 0x423f59 22 10
4 path.c:246 0x423f59 10
4 path.c:31 0x4238c9 6
4 path.c:31 0x423aa9 4
4 dynarray.c:112 0x423a59 16
4 dynarray.c:113 0x423bc9 24
4 path.c:254 0x4239e9 24
2 path.c:178 0x4239e9 24
1 dynarray.c:84 0x423699 24
2 dynarray.c:95 0x423bc9 16
2 path.c:191 0x423f59 22
2 path.c:205 0x423aa9 6
2 path.c:205 0x4238c9 4
3 path.c:223 0x423f59 0x423f59 22 10
1 bdtBad4.c:143 0x423ec9 32
2 path.c:178 0x424059 24
1 dynarray.c:84 0x423a59 24
2 dynarray.c:95 0x424089 16
2 path.c:191 0x423ff9 10
2 path.c:205 0x423fd9 6
2 path.c:205 0x423fb9 4
3 path.c:223 0x423ff9 0x423ff9 10 10
4 path.c:246 0x423ff9 10
4 path.c:31 0x423fd9 6
4 path.c:31 0x423fb9 4
4 dynarray.c:112 0x424089 16
4 dynarray.c:113 0x423a59 24
4 path.c:254 0x424059 24
4 bdtBad4.c:193 0x423ec9 32
4 path.c:246 0x423599 22
4 path.c:31 0x423909 6
4 path.c:31 0x423a39 4
4 path.c:31 0x4238e9 5
4 path.c:31 0x423a89 7
4 dynarray.c:112 0x424019 32
4 dynarray.c:113 0x423999 24
4 path.c:254 0x423749 24
4 path.c:246 0x423f59 10
4 path.c:31 0x423aa9 6
4 path.c:31 0x4238c9 4
4 dynarray.c:112 0x423bc9 16
4 dynarray.c:113 0x423699 24
4 path.c:254 0x4239e9 24
2 path.c:128 0x4239e9 24
1 dynarray.c:84 0x424089 24
2 dynarray.c:95 0x423699 16
2 path.c:90 0x4238c9 6
1 path.c:143 0x423bf9 6
2 path.c:178 0x423f59 24
1 dynarray.c:84 0x423bc9 24
2 dynarray.c:95 0x423749 16
2 path.c:191 0x423aa9 6
2 path.c:205 0x4238e9 6
3 path.c:223 0x423aa9 0x423aa9 6 6
4 path.c:246 0x423aa9 6
4 path.c:31 0x4238e9 6
4 dynarray.c:112 0x423749 16
4 dynarray.c:113 0x423bc9 24
4 path.c:254 0x423f59 24
4 path.c:246 0x423bf9 6
4 path.c:31 0x4238c9 6
4 dynarray.c:112 0x423699 16
4 dynarray.c:113 0x424089 24
4 path.c:254 0x4239e9 24
2 path.c:128 0x4239e9 24
1 dynarray.c:84 0x423999 24
2 dynarray.c:95 0x424089 16
2 path.c:90 0x4238c9 6
2 path.c:90 0x423bf9 7
1 path.c:143 0x423a89 13
2 path.c:178 0x423f59 24
1 dynarray.c:84 0x423699 24
2 dynarray.c:95 0x423bc9 16
2 path.c:191 0x4238e9 13
2 path.c:205 0x423a39 6
3 path.c:223 0x4238e9 0x4238e9 13 6
4 path.c:246 0x4238e9 6
4 path.c:31 0x423a39 6
4 dynarray.c:112 0x423bc9 16
4 dynarray.c:113 0x423699 24
4 path.c:254 0x423f59 24
2 path.c:178 0x423f59 24
1 dynarray.c:84 0x423749 24
2 dynarray.c:95 0x423699 16
2 path.c:191 0x423a39 13
2 path.c:205 0x4238e9 6
2 path.c:205 0x423909 7
3 path.c:223 0x423a39 0x423a39 13 13
4 path.c:246 0x423a39 13
4 path.c:31 0x4238e9 6
4 path.c:31 0x423909 7
4 dynarray.c:112 0x423699 16
4 dynarray.c:113 0x423749 24
4 path.c:254 0x423f59 24
4 path.c:246 0x423a89 13
4 path.c:31 0x4238c9 6
4 path.c:31 0x423bf9 7
4 dynarray.c:112 0x424089 16
4 dynarray.c:113 0x423999 24
4 path.c:254 0x4239e9 24
2 path.c:128 0x4239e9 24
1 dynarray.c:84 0x423bc9 24
2 dynarray.c:95 0x423999 16
2 path.c:90 0x423bf9 6
2 path.c:90 0x4238c9 8
1 path.c:143 0x423aa9 14
2 path.c:178 0x423f59 24
1 dynarray.c:84 0x424089 24
2 dynarray.c:95 0x423749 16
2 path.c:191 0x423a89 14
2 path.c:205 0x4238e9 6
3 path.c:223 0x423a89 0x423a89 14 6
4 path.c:246 0x423a89 6
4 path.c:31 0x4238e9 6
4 dynarray.c:112 0x423749 16
4 dynarray.c:113 0x424089 24
4 path.c:254 0x423f59 24
2 path.c:178 0x423f59 24
1 dynarray.c:84 0x423699 24
2 dynarray.c:95 0x424089 16
2 path.c:191 0x4238e9 14
2 path.c:205 0x423a89 6
2 path.c:205 0x423a39 8
3 path.c:223 0x4238e9 0x4238e9 14 14
4 path.c:246 0x4238e9 14
4 path.c:31 0x423a89 6
4 path.c:31 0x423a39 8
4 dynarray.c:112 0x424089 16
4 dynarray.c:113 0x423699 24
4 path.c:254 0x423f59 24
4 path.c:246 0x423aa9 14
4 path.c:31 0x423bf9 6
4 path.c:31 0x4238c9 8
4 dynarray.c:112 0x423999 16
4 dynarray.c:113 0x423bc9 24
4 path.c:254 0x4239e9 24
2 path.c:128 0x4239e9 24
1 dynarray.c:84 0x423749 24
2 dynarray.c:95 0x423bc9 16
2 path.c:90 0x4238c9 6
2 path.c:90 0x423bf9 7
1 path.c:143 0x423909 13
2 path.c:178 0x423f59 24
1 dynarray.c:84 0x423999 24
2 dynarray.c:95 0x423699 16
2 path.c:191 0x423aa9 13
2 path.c:205 0x423a89 6
3 path.c:223 0x423aa9 0x423aa9 13 6
4 path.c:246 0x423aa9 6
4 path.c:31 0x423a89 6
4 dynarray.c:112 0x423699 16
4 dynarray.c:113 0x423999 24
4 path.c:254 0x423f59 24
2 path.c:178 0x423f59 24
1 dynarray.c:84 0x424089 24
2 dynarray.c:95 0x423999 16
2 path.c:191 0x423a89 13
2 path.c:205 0x423aa9 6
2 path.c:205 0x4238e9 7
3 path.c:223 0x423a89 0x423a89 13 13
4 path.c:246 0x423a89 13
4 path.c:31 0x423aa9 6
4 path.c:31 0x4238e9 7
4 dynarray.c:112 0x423999 16
4 dynarray.c:113 0x424089 24
4 path.c:254 0x423f59 24
4 path.c:246 0x423909 13
4 path.c:31 0x4238c9 6
4 path.c:31 0x423bf9 7
4 dynarray.c:112 0x423bc9 16
4 dynarray.c:113 0x423749 24
4 path.c:254 0x4239e9 24
2 path.c:128 0x4239e9 24
1 dynarray.c:84 0x423699 24
2 dynarray.c:95 0x423749 16
2 path.c:90 0x423bf9 6
2 path.c:90 0x4238c9 4
1 path.c:143 0x423a39 10
2 path.c:178 0x423f59 24
1 dynarray.c:84 0x423bc9 24
2 dynarray.c:95 0x424089 16
2 path.c:191 0x423909 10
2 path.c:205 0x423aa9 6
3 path.c:223 0x423909 0x423909 10 6
4 path.c:246 0x423909 6
4 path.c:31 0x423aa9 6
4 dynarray.c:112 0x424089 16
4 dynarray.c:113 0x423bc9 24
4 path.c:254 0x423f59 24
2 path.c:178 0x423f59 24
1 dynarray.c:84 0x423999 24
2 dynarray.c:95 0x423bc9 16
2 path.c:191 0x423aa9 10
2 path.c:205 0x423909 6
2 path.c:205 0x423a89 4
3 path.c:223 0x423aa9 0x423aa9 10 10
4 path.c:246 0x423aa9 10
4 path.c:31 0x423909 6
4 path.c:31 0x423a89 4
4 dynarray.c:112 0x423bc9 16
4 dynarray.c:113 0x423999 24
4 path.c:254 0x423f59 24
4 path.c:246 0x423a39 10
4 path.c:31 0x423bf9 6
4 path.c:31 0x4238c9 4
4 dynarray.c:112 0x423749 16
4 dynarray.c:113 0x423699 24
4 path.c:254 0x4239e9 24
2 path.c:128 0x4239e9 24
1 dynarray.c:84 0x424089 24
2 dynarray.c:95 0x423699 16
2 path.c:90 0x4238c9 6
2 path.c:90 0x423bf9 4
2 path.c:90 0x423a39 5
3 dynarray.c:69 0x4240b9 0x423699 16 32
1 path.c:143 0x423749 15
2 path.c:178 0x423699 24
1 dynarray.c:84 0x423f59 24
2 dynarray.c:95 0x423999 16
2 path.c:191 0x423599 15
2 path.c:205 0x423a89 6
3 path.c:223 0x423599 0x423599 15 6
4 path.c:246 0x423599 6
4 path.c:31 0x423a89 6
4 dynarray.c:112 0x423999 16
4 dynarray.c:113 0x423f59 24
4 path.c:254 0x423699 24
2 path.c:178 0x423699 24
1 dynarray.c:84 0x423bc9 24
2 dynarray.c:95 0x423f59 16
2 path.c:191 0x423599 15
2 path.c:205 0x423a89 6
2 path.c:205 0x423909 4
3 path.c:223 0x423599 0x423599 15 10
4 path.c:246 0x423599 10
4 path.c:31 0x423a89 6
4 path.c:31 0x423909 4
4 dynarray.c:112 0x423f59 16
4 dynarray.c:113 0x423bc9 24
4 path.c:254 0x423699 24
4 path.c:246 0x423749 15
4 path.c:31 0x4238c9 6
4 path.c:31 0x423bf9 4
4 path.c:31 0x423a39 5
4 dynarray.c:112 0x4240b9 32
4 dynarray.c:113 0x424089 24
4 path.c:254 0x4239e9 24
2 path.c:128 0x4239e9 24
1 dynarray.c:84 0x423999 24
2 dynarray.c:95 0x424089 16
2 path.c:90 0x423a39 6
2 path.c:90 0x423bf9 4
2 path.c:90 0x4238c9 5
3 dynarray.c:69 0x4240f9 0x424089 16 32
2 path.c:90 0x423909 7
1 path.c:143 0x423749 22
2 path.c:178 0x424089 24
1 dynarray.c:84 0x423699 24
2 dynarray.c:95 0x423bc9 16
2 path.c:191 0x423599 22
2 path.c:205 0x423a89 6
3 path.c:223 0x423599 0x423599 22 6
4 path.c:246 0x423599 6
4 path.c:31 0x423a89 6
4 dynarray.c:112 0x423bc9 16
4 dynarray.c:113 0x423699 24
4 path.c:254 0x424089 24
2 path.c:178 0x424089 24
1 dynarray.c:84 0x423f59 24
2 dynarray.c:95 0x423699 16
2 path.c:191 0x423599 22
2 path.c:205 0x423a89 6
2 path.c:205 0x423aa9 4
3 path.c:223 0x423599 0x423599 22 10
4 path.c:246 0x423599 10
4 path.c:31 0x423a89 6
4 path.c:31 0x423aa9 4
4 dynarray.c:112 0x423699 16
4 dynarray.c:113 0x423f59 24
4 path.c:254 0x424089 24
4 path.c:246 0x423749 22
4 path.c:31 0x423a39 6
4 path.c:31 0x423bf9 4
4 path.c:31 0x4238c9 5
4 path.c:31 0x423909 7
4 dynarray.c:112 0x4240f9 32
4 dynarray.c:113 0x423999 24
4 path.c:254 0x4239e9 24
1 dynarray.c:84 0x423bc9 24
2 dynarray.c:95 0x424139 32
1 bdtBad4.c:663 0x424179 55
4 dynarray.c:112 0x424139 32
4 dynarray.c:113 0x423bc9 24
6 bdt_client.c:82 0x424179
4 bdt_client.c:82 0x424179 55
2 path.c:128 0x4239e9 24
1 dynarray.c:84 0x423bc9 24
2 dynarray.c:95 0x423999 16
2 path.c:90 0x423909 6
2 path.c:90 0x4238c9 7
2 path.c:90 0x423bf9 12
3 dynarray.c:69 0x4241c9 0x423999 16 32
1 path.c:143 0x423749 25
2 path.c:178 0x423999 24
1 dynarray.c:84 0x424089 24
2 dynarray.c:95 0x423f59 16
2 path.c:191 0x423599 25
2 path.c:205 0x423a39 6
3 path.c:223 0x423599 0x423599 25 6
4 path.c:246 0x423599 6
4 path.c:31 0x423a39 6
4 dynarray.c:112 0x423f59 16
4 dynarray.c:113 0x424089 24
4 path.c:254 0x423999 24
2 path.c:178 0x423999 24
1 dynarray.c:84 0x423699 24
2 dynarray.c:95 0x424089 16
2 path.c:191 0x423599 25
2 path.c:205 0x423a39 6
2 path.c:205 0x423aa9 7
3 path.c:223 0x423599 0x423599 25 13
4 path.c:246 0x423599 13
4 path.c:31 0x423a39 6
4 path.c:31 0x423aa9 7
4 dynarray.c:112 0x424089 16
4 dynarray.c:113 0x423699 24
4 path.c:254 0x423999 24
2 path.c:178 0x423999 24
1 dynarray.c:84 0x423f59 24
2 dynarray.c:95 0x423699 24
2 path.c:191 0x423599 25
2 path.c:205 0x423aa9 6
2 path.c:205 0x423a39 7
2 path.c:205 0x423a89 12
3 path.c:223 0x423599 0x423599 25 25
4 path.c:246 0x423599 25
4 path.c:31 0x423aa9 6
4 path.c:31 0x423a39 7
4 path.c:31 0x423a89 12
4 dynarray.c:112 0x423699 24
4 dynarray.c:113 0x423f59 24
4 path.c:254 0x423999 24
4 path.c:246 0x423749 25
4 path.c:31 0x423909 6
4 path.c:31 0x4238c9 7
4 path.c:31 0x423bf9 12
4 dynarray.c:112 0x4241c9 32
4 dynarray.c:113 0x423bc9 24
4 path.c:254 0x4239e9 24
2 path.c:128 0x4239e9 24
1 dynarray.c:84 0x424089 24
2 dynarray.c:95 0x423bc9 16
2 path.c:90 0x423bf9 6
2 path.c:90 0x4238c9 8
2 path.c:90 0x423909 12
3 dynarray.c:69 0x424209 0x423bc9 16 32
1 path.c:143 0x423749 26
2 path.c:178 0x423bc9 24
1 dynarray.c:84 0x423999 24
2 dynarray.c:95 0x423f59 16
2 path.c:191 0x423599 26
2 path.c:205 0x423a89 6
3 path.c:223 0x423599 0x423599 26 6
4 path.c:246 0x423599 6
4 path.c:31 0x423a89 6
4 dynarray.c:112 0x423f59 16
4 dynarray.c:113 0x423999 24
4 path.c:254 0x423bc9 24
2 path.c:178 0x423bc9 24
1 dynarray.c:84 0x423699 24
2 dynarray.c:95 0x423999 16
2 path.c:191 0x423599 26
2 path.c:205 0x423a89 6
2 path.c:205 0x423a39 8
3 path.c:223 0x423599 0x423599 26 14
4 path.c:246 0x423599 14
4 path.c:31 0x423a89 6
4 path.c:31 0x423a39 8
4 dynarray.c:112 0x423999 16
4 dynarray.c:113 0x423699 24
4 path.c:254 0x423bc9 24
2 path.c:178 0x423bc9 24
1 dynarray.c:84 0x423f59 24
2 dynarray.c:95 0x423699 24
2 path.c:191 0x423599 26
2 path.c:205 0x423a39 6
2 path.c:205 0x423a89 8
2 path.c:205 0x423aa9 12
3 path.c:223 0x423599 0x423599 26 26
4 path.c:246 0x423599 26
4 path.c:31 0x423a39 6
4 path.c:31 0x423a89 8
4 path.c:31 0x423aa9 12
4 dynarray.c:112 0x423699 24
4 dynarray.c:113 0x423f59 24
4 path.c:254 0x423bc9 24
4 path.c:246 0x423749 26
4 path.c:31 0x423bf9 6
4 path.c:31 0x4238c9 8
4 path.c:31 0x423909 12
4 dynarray.c:112 0x424209 32
4 dynarray.c:113 0x424089 24
4 path.c:254 0x4239e9 24
2 path.c:128 0x4239e9 24
1 dynarray.c:84 0x423999 24
2 dynarray.c:95 0x424089 16
2 path.c:90 0x423909 6
2 path.c:90 0x4238c9 8
2 path.c:90 0x423bf9 12
3 dynarray.c:69 0x424209 0x424089 16 32
1 path.c:143 0x423749 26
2 path.c:178 0x424089 24
1 dynarray.c:84 0x423bc9 24
2 dynarray.c:95 0x423f59 16
2 path.c:191 0x423599 26
2 path.c:205 0x423aa9 6
3 path.c:223 0x423599 0x423599 26 6
4 path.c:246 0x423599 6
4 path.c:31 0x423aa9 6
4 dynarray.c:112 0x423f59 16
4 dynarray.c:113 0x423bc9 24
4 path.c:254 0x424089 24
2 path.c:178 0x424089 24
1 dynarray.c:84 0x423699 24
2 dynarray.c:95 0x423bc9 16
2 path.c:191 0x423599 26
2 path.c:205 0x423aa9 6
2 path.c:205 0x423a89 8
3 path.c:223 0x423599 0x423599 26 14
4 path.c:246 0x423599 14
4 path.c:31 0x423aa9 6
4 path.c:31 0x423a89 8
4 dynarray.c:112 0x423bc9 16
4 dynarray.c:113 0x423699 24
4 path.c:254 0x424089 24
2 path.c:178 0x424089 24
1 dynarray.c:84 0x423f59 24
2 dynarray.c:95 0x423699 24
2 path.c:191 0x423599 26
2 path.c:205 0x423a89 6
2 path.c:205 0x423aa9 8
2 path.c:205 0x423a39 12
3 path.c:223 0x423599 0x423599 26 26
4 path.c:246 0x423599 26
4 path.c:31 0x423a89 6
4 path.c:31 0x423aa9 8
4 path.c:31 0x423a39 12
4 dynarray.c:112 0x423699 24
4 dynarray.c:113 0x423f59 24
4 path.c:254 0x424089 24
2 path.c:178 0x424089 24
1 dynarray.c:84 0x423bc9 24
2 dynarray.c:95 0x423f59 24
2 path.c:191 0x423599 26
2 path.c:205 0x423a39 6
2 path.c:205 0x423aa9 8
2 path.c:205 0x423a89 12
3 path.c:223 0x423599 0x423599 26 26
1 bdtBad4.c:143 0x4241c9 32
2 path.c:178 0x424059 24
1 dynarray.c:84 0x423699 24
2 dynarray.c:95 0x423a59 24
2 path.c:191 0x424249 26
2 path.c:205 0x423fb9 6
2 path.c:205 0x423fd9 8
2 path.c:205 0x423ff9 12
3 path.c:223 0x424249 0x424249 26 26
4 path.c:246 0x423599 26
4 path.c:31 0x423a39 6
4 path.c:31 0x423aa9 8
4 path.c:31 0x423a89 12
4 dynarray.c:112 0x423f59 24
4 dynarray.c:113 0x423bc9 24
4 path.c:254 0x424089 24
4 path.c:246 0x423749 26
4 path.c:31 0x423909 6
4 path.c:31 0x4238c9 8
4 path.c:31 0x423bf9 12
4 dynarray.c:112 0x424209 32
4 dynarray.c:113 0x423999 24
4 path.c:254 0x4239e9 24
1 dynarray.c:84 0x423599 24
2 dynarray.c:95 0x424279 40
1 bdtBad4.c:663 0x4242b9 80
4 dynarray.c:112 0x424279 40
4 dynarray.c:113 0x423599 24
2 path.c:128 0x4239e9 24
1 dynarray.c:84 0x423599 24
2 dynarray.c:95 0x423999 16
2 path.c:90 0x423bf9 6
2 path.c:90 0x4238c9 7
2 path.c:90 0x423909 12
3 dynarray.c:69 0x424279 0x423999 16 32
1 path.c:143 0x423749 25
2 path.c:178 0x423999 24
1 dynarray.c:84 0x424089 24
2 dynarray.c:95 0x423bc9 16
2 path.c:191 0x424329 25
2 path.c:205 0x423a89 6
3 path.c:223 0x424329 0x424329 25 6
4 path.c:246 0x424329 6
4 path.c:31 0x423a89 6
4 dynarray.c:112 0x423bc9 16
4 dynarray.c:113 0x424089 24
4 path.c:254 0x423999 24
2 path.c:178 0x423999 24
1 dynarray.c:84 0x423f59 24
2 dynarray.c:95 0x424089 16
2 path.c:191 0x424329 25
2 path.c:205 0x423a89 6
2 path.c:205 0x423aa9 7
3 path.c:223 0x424329 0x424329 25 13
4 path.c:246 0x424329 13
4 path.c:31 0x423a89 6
4 path.c:31 0x423aa9 7
4 dynarray.c:112 0x424089 16
4 dynarray.c:113 0x423f59 24
4 path.c:254 0x423999 24
2 path.c:178 0x423999 24
1 dynarray.c:84 0x423bc9 24
2 dynarray.c:95 0x423f59 24
2 path.c:191 0x424329 25
2 path.c:205 0x423aa9 6
2 path.c:205 0x423a89 7
2 path.c:205 0x423a39 12
3 path.c:223 0x424329 0x424329 25 25
4 path.c:246 0x424329 25
4 path.c:31 0x423aa9 6
4 path.c:31 0x423a89 7
4 path.c:31 0x423a39 12
4 dynarray.c:112 0x423f59 24
4 dynarray.c:113 0x423bc9 24
4 path.c:254 0x423999 24
4 path.c:246 0x423749 25
4 path.c:31 0x423bf9 6
4 path.c:31 0x4238c9 7
4 path.c:31 0x423909 12
4 dynarray.c:112 0x424279 32
4 dynarray.c:113 0x423599 24
4 path.c:254 0x4239e9 24
2 path.c:128 0x4239e9 24
1 dynarray.c:84 0x424089 24
2 dynarray.c:95 0x423599 16
2 path.c:90 0x423909 6
2 path.c:90 0x4238c9 8
2 path.c:90 0x423bf9 12
3 dynarray.c:69 0x424279 0x423599 16 32
1 path.c:143 0x423749 26
2 path.c:178 0x423599 24
1 dynarray.c:84 0x423999 24
2 dynarray.c:95 0x423bc9 16
2 path.c:191 0x424329 26
2 path.c:205 0x423a39 6
3 path.c:223 0x424329 0x424329 26 6
4 path.c:246 0x424329 6
4 path.c:31 0x423a39 6
4 dynarray.c:112 0x423bc9 16
4 dynarray.c:113 0x423999 24
4 path.c:254 0x423599 24
2 path.c:178 0x423599 24
1 dynarray.c:84 0x423f59 24
2 dynarray.c:95 0x423999 16
2 path.c:191 0x424329 26
2 path.c:205 0x423a39 6
2 path.c:205 0x423a89 8
3 path.c:223 0x424329 0x424329 26 14
4 path.c:246 0x424329 14
4 path.c:31 0x423a39 6
4 path.c:31 0x423a89 8
4 dynarray.c:112 0x423999 16
4 dynarray.c:113 0x423f59 24
4 path.c:254 0x423599 24
2 path.c:178 0x423599 24
1 dynarray.c:84 0x423bc9 24
2 dynarray.c:95 0x423f59 24
2 path.c:191 0x424329 26
2 path.c:205 0x423a89 6
2 path.c:205 0x423a39 8
2 path.c:205 0x423aa9 12
3 path.c:223 0x424329 0x424329 26 26
4 path.c:246 0x424329 26
4 path.c:31 0x423a89 6
4 path.c:31 0x423a39 8
4 path.c:31 0x423aa9 12
4 dynarray.c:112 0x423f59 24
4 dynarray.c:113 0x423bc9 24
4 path.c:254 0x423599 24
4 path.c:246 0x423749 26
4 path.c:31 0x423909 6
4 path.c:31 0x4238c9 8
4 path.c:31 0x423bf9 12
4 dynarray.c:112 0x424279 32
4 dynarray.c:113 0x424089 24
4 path.c:254 0x4239e9 24
2 path.c:128 0x4239e9 24
1 dynarray.c:84 0x423999 24
2 dynarray.c:95 0x424089 16
2 path.c:90 0x423bf9 6
2 path.c:90 0x4238c9 8
2 path.c:90 0x423909 12
3 dynarray.c:69 0x424279 0x424089 16 32
1 path.c:143 0x423749 26
2 path.c:178 0x424089 24
1 dynarray.c:84 0x423599 24
2 dynarray.c:95 0x423bc9 16
2 path.c:191 0x424329 26
2 path.c:205 0x423aa9 6
3 path.c:223 0x424329 0x424329 26 6
4 path.c:246 0x424329 6
4 path.c:31 0x423aa9 6
4 dynarray.c:112 0x423bc9 16
4 dynarray.c:113 0x423599 24
4 path.c:254 0x424089 24
2 path.c:178 0x424089 24
1 dynarray.c:84 0x423f59 24
2 dynarray.c:95 0x423599 16
2 path.c:191 0x424329 26
2 path.c:205 0x423aa9 6
2 path.c:205 0x423a39 8
3 path.c:223 0x424329 0x424329 26 14
4 path.c:246 0x424329 14
4 path.c:31 0x423aa9 6
4 path.c:31 0x423a39 8
4 dynarray.c:112 0x423599 16
4 dynarray.c:113 0x423f59 24
4 path.c:254 0x424089 24
2 path.c:178 0x424089 24
1 dynarray.c:84 0x423bc9 24
2 dynarray.c:95 0x423f59 24
2 path.c:191 0x424329 26
2 path.c:205 0x423a39 6
2 path.c:205 0x423aa9 8
2 path.c:205 0x423a89 12
3 path.c:223 0x424329 0x424329 26 26
4 path.c:246 0x424329 26
4 path.c:31 0x423a39 6
4 path.c:31 0x423aa9 8
4 path.c:31 0x423a89 12
4 dynarray.c:112 0x423f59 24
4 dynarray.c:113 0x423bc9 24
4 path.c:254 0x424089 24
4 path.c:246 0x423749 26
4 path.c:31 0x423bf9 6
4 path.c:31 0x4238c9 8
4 path.c:31 0x423909 12
4 dynarray.c:112 0x424279 32
4 dynarray.c:113 0x423999 24
4 path.c:254 0x4239e9 24
2 path.c:128 0x4239e9 24
1 dynarray.c:84 0x423599 24
2 dynarray.c:95 0x423999 16
2 path.c:90 0x423909 6
2 path.c:90 0x4238c9 8
2 path.c:90 0x423bf9 12
3 dynarray.c:69 0x424279 0x423999 16 32
2 path.c:90 0x423a89 6
1 path.c:143 0x424209 32
2 path.c:178 0x423999 24
1 dynarray.c:84 0x423749 24
2 dynarray.c:95 0x424089 16
2 path.c:191 0x424359 32
2 path.c:205 0x423aa9 6
3 path.c:223 0x424359 0x424359 32 6
4 path.c:246 0x424359 6
4 path.c:31 0x423aa9 6
4 dynarray.c:112 0x424089 16
4 dynarray.c:113 0x423749 24
4 path.c:254 0x423999 24
2 path.c:178 0x423999 24
1 dynarray.c:84 0x423bc9 24
2 dynarray.c:95 0x423749 16
2 path.c:191 0x424399 32
2 path.c:205 0x423aa9 6
2 path.c:205 0x424359 8
3 path.c:223 0x424399 0x424399 32 14
4 path.c:246 0x424399 14
4 path.c:31 0x423aa9 6
4 path.c:31 0x424359 8
4 dynarray.c:112 0x423749 16
4 dynarray.c:113 0x423bc9 24
4 path.c:254 0x423999 24
2 path.c:178 0x423999 24
1 dynarray.c:84 0x424089 24
2 dynarray.c:95 0x423bc9 24
2 path.c:191 0x4243d9 32
2 path.c:205 0x424359 6
2 path.c:205 0x423aa9 8
2 path.c:205 0x424399 12
3 path.c:223 0x4243d9 0x4243d9 32 26
4 path.c:246 0x4243d9 26
4 path.c:31 0x424359 6
4 path.c:31 0x423aa9 8
4 path.c:31 0x424399 12
4 dynarray.c:112 0x423bc9 24
4 dynarray.c:113 0x424089 24
4 path.c:254 0x423999 24
2 path.c:178 0x423999 24
1 dynarray.c:84 0x423749 24
2 dynarray.c:95 0x424419 32
2 path.c:191 0x424459 32
2 path.c:205 0x424399 6
2 path.c:205 0x423aa9 8
2 path.c:205 0x424359 12
2 path.c:205 0x4243b9 6
3 path.c:223 0x424459 0x424459 32 32
4 path.c:246 0x424459 32
4 path.c:31 0x424399 6
4 path.c:31 0x423aa9 8
4 path.c:31 0x424359 12
4 path.c:31 0x4243b9 6
4 dynarray.c:112 0x424419 32
4 dynarray.c:113 0x423749 24
4 path.c:254 0x423999 24
2 path.c:178 0x423999 24
1 dynarray.c:84 0x423749 24
2 dynarray.c:95 0x424419 32
2 path.c:191 0x424459 32
2 path.c:205 0x4243b9 6
2 path.c:205 0x424359 8
2 path.c:205 0x423aa9 12
2 path.c:205 0x424399 6
3 path.c:223 0x424459 0x424459 32 32
1 bdtBad4.c:143 0x4243d9 32
2 path.c:178 0x424089 24
1 dynarray.c:84 0x423bc9 24
2 dynarray.c:95 0x424499 32
2 path.c:191 0x4244d9 32
2 path.c:205 0x424379 6
2 path.c:205 0x423a39 8
2 path.c:205 0x424519 12
2 path.c:205 0x424539 6
3 path.c:223 0x4244d9 0x4244d9 32 32
4 path.c:246 0x424459 32
4 path.c:31 0x4243b9 6
4 path.c:31 0x424359 8
4 path.c:31 0x423aa9 12
4 path.c:31 0x424399 6
4 dynarray.c:112 0x424419 32
4 dynarray.c:113 0x423749 24
4 path.c:254 0x423999 24
4 path.c:246 0x424209 32
4 path.c:31 0x423909 6
4 path.c:31 0x4238c9 8
4 path.c:31 0x423bf9 12
4 path.c:31 0x423a89 6
4 dynarray.c:112 0x424279 32
4 dynarray.c:113 0x423599 24
4 path.c:254 0x4239e9 24
2 path.c:128 0x4239e9 24
1 dynarray.c:84 0x423749 24
2 dynarray.c:95 0x423599 16
2 path.c:90 0x423a89 6
2 path.c:90 0x423bf9 8
2 path.c:90 0x4238c9 12
3 dynarray.c:69 0x424279 0x423599 16 32
2 path.c:90 0x423909 6
1 path.c:143 0x424459 32
2 path.c:178 0x423599 24
1 dynarray.c:84 0x423999 24
2 dynarray.c:95 0x423f59 16
2 path.c:191 0x424209 32
2 path.c:205 0x424399 6
3 path.c:223 0x424209 0x424209 32 6
4 path.c:246 0x424209 6
4 path.c:31 0x424399 6
4 dynarray.c:112 0x423f59 16
4 dynarray.c:113 0x423999 24
4 path.c:254 0x423599 24
2 path.c:178 0x423599 24
1 dynarray.c:84 0x424329 24
2 dynarray.c:95 0x423999 16
2 path.c:191 0x424559 32
2 path.c:205 0x424399 6
2 path.c:205 0x424209 8
3 path.c:223 0x424559 0x424559 32 14
4 path.c:246 0x424559 14
4 path.c:31 0x424399 6
4 path.c:31 0x424209 8
4 dynarray.c:112 0x423999 16
4 dynarray.c:113 0x424329 24
4 path.c:254 0x423599 24
2 path.c:178 0x423599 24
1 dynarray.c:84 0x423f59 24
2 dynarray.c:95 0x424329 24
2 path.c:191 0x424599 32
2 path.c:205 0x424209 6
2 path.c:205 0x424399 8
2 path.c:205 0x424559 12
3 path.c:223 0x424599 0x424599 32 26
4 path.c:246 0x424599 26
4 path.c:31 0x424209 6
4 path.c:31 0x424399 8
4 path.c:31 0x424559 12
4 dynarray.c:112 0x424329 24
4 dynarray.c:113 0x423f59 24
4 path.c:254 0x423599 24
2 path.c:178 0x423599 24
1 dynarray.c:84 0x423999 24
2 dynarray.c:95 0x424599 32
2 path.c:191 0x4245d9 32
2 path.c:205 0x424559 6
2 path.c:205 0x424399 8
2 path.c:205 0x424209 12
2 path.c:205 0x424579 6
3 path.c:223 0x4245d9 0x4245d9 32 32
4 path.c:246 0x4245d9 32
4 path.c:31 0x424559 6
4 path.c:31 0x424399 8
4 path.c:31 0x424209 12
4 path.c:31 0x424579 6
4 dynarray.c:112 0x424599 32
4 dynarray.c:113 0x423999 24
4 path.c:254 0x423599 24
4 path.c:246 0x424459 32
4 path.c:31 0x423a89 6
4 path.c:31 0x423bf9 8
4 path.c:31 0x4238c9 12
4 path.c:31 0x423909 6
4 dynarray.c:112 0x424279 32
4 dynarray.c:113 0x423749 24
4 path.c:254 0x4239e9 24
1 dynarray.c:84 0x423999 24
2 dynarray.c:95 0x424619 48
1 bdtBad4.c:663 0x424669 111
4 dynarray.c:112 0x424619 48
4 dynarray.c:113 0x423999 24
