2 path.c:128 0x4212a9 24
4 path.c:254 0x4212a9 24
2 path.c:128 0x4234c9 24
1 dynarray.c:84 0x4212a9 24
2 dynarray.c:95 0x4234f9 16
2 path.c:90 0x423529 6
1 path.c:143 0x423549 6
4 path.c:246 0x423549 6
4 path.c:31 0x423529 6
4 dynarray.c:112 0x4234f9 16
4 dynarray.c:113 0x4212a9 24
4 path.c:254 0x4234c9 24
1 dynarray.c:84 0x4234c9 24
2 dynarray.c:95 0x423569 16
1 bdtBad4.c:663 0x423529 1
4 dynarray.c:112 0x423569 16
4 dynarray.c:113 0x4234c9 24
4 bdt_client.c:39 0x423529 1
2 path.c:128 0x423599 24
4 path.c:254 0x423599 24
2 path.c:128 0x4235c9 24
1 dynarray.c:84 0x423599 24
2 dynarray.c:95 0x4235f9 16
4 dynarray.c:112 0x4235f9 16
4 dynarray.c:113 0x423599 24
4 path.c:254 0x4235c9 24
2 path.c:128 0x423629 24
1 dynarray.c:84 0x4235c9 24
2 dynarray.c:95 0x423659 16
2 path.c:90 0x423689 6
2 path.c:90 0x4236a9 7
4 path.c:31 0x423689 6
4 path.c:31 0x4236a9 7
4 dynarray.c:112 0x423659 16
4 dynarray.c:113 0x4235c9 24
4 path.c:254 0x423629 24
2 path.c:128 0x423629 24
1 dynarray.c:84 0x423659 24
2 dynarray.c:95 0x4235c9 16
2 path.c:90 0x4236c9 6
4 path.c:31 0x4236c9 6
4 dynarray.c:112 0x4235c9 16
4 dynarray.c:113 0x423659 24
4 path.c:254 0x423629 24
2 path.c:128 0x423629 24
1 dynarray.c:84 0x4235c9 24
2 dynarray.c:95 0x423659 16
2 path.c:90 0x4236e9 6
1 path.c:143 0x4236c9 6
2 path.c:178 0x423709 24
1 dynarray.c:84 0x423599 24
2 dynarray.c:95 0x423739 16
2 path.c:191 0x423769 6
2 path.c:205 0x423789 6
3 path.c:223 0x423769 0x423769 6 6
1 bdtBad4.c:143 0x4237a9 32
2 path.c:178 0x4237e9 24
1 dynarray.c:84 0x4235f9 24
2 dynarray.c:95 0x423819 16
2 path.c:191 0x423849 6
2 path.c:205 0x423869 6
3 path.c:223 0x423849 0x423849 6 6
4 path.c:246 0x423769 6
4 path.c:31 0x423789 6
4 dynarray.c:112 0x423739 16
4 dynarray.c:113 0x423599 24
4 path.c:254 0x423709 24
4 path.c:246 0x4236c9 6
4 path.c:31 0x4236e9 6
4 dynarray.c:112 0x423659 16
4 dynarray.c:113 0x4235c9 24
4 path.c:254 0x423629 24
1 dynarray.c:84 0x423709 24
2 dynarray.c:95 0x423629 16
1 bdtBad4.c:663 0x4236c9 6
4 dynarray.c:112 0x423629 16
4 dynarray.c:113 0x423709 24
2 path.c:128 0x423709 24
1 dynarray.c:84 0x4235c9 24
2 dynarray.c:95 0x423629 16
2 path.c:90 0x4236e9 6
2 path.c:90 0x423889 7
2 path.c:90 0x4238a9 12
3 dynarray.c:69 0x4238c9 0x423629 16 32
1 path.c:143 0x423659 25
2 path.c:178 0x423629 24
1 dynarray.c:84 0x423599 24
2 dynarray.c:95 0x423909 16
2 path.c:191 0x423939 25
2 path.c:205 0x423969 6
3 path.c:223 0x423939 0x423939 25 6
4 path.c:246 0x423939 6
4 path.c:31 0x423969 6
4 dynarray.c:112 0x423909 16
4 dynarray.c:113 0x423599 24
4 path.c:254 0x423629 24
2 path.c:178 0x423629 24
1 dynarray.c:84 0x423909 24
2 dynarray.c:95 0x423599 16
2 path.c:191 0x423989 25
2 path.c:205 0x4239b9 6
2 path.c:205 0x4239d9 7
3 path.c:223 0x423989 0x423989 25 13
4 path.c:246 0x423989 13
4 path.c:31 0x4239b9 6
4 path.c:31 0x4239d9 7
4 dynarray.c:112 0x423599 16
4 dynarray.c:113 0x423909 24
4 path.c:254 0x423629 24
2 path.c:178 0x423629 24
1 dynarray.c:84 0x423989 24
2 dynarray.c:95 0x423909 16
2 path.c:191 0x4239f9 25
2 path.c:205 0x4239d9 6
2 path.c:205 0x4239b9 7
3 path.c:223 0x4239f9 0x4239f9 25 13
1 bdtBad4.c:143 0x423a29 32
2 path.c:178 0x423a69 24
1 dynarray.c:84 0x423599 24
2 dynarray.c:95 0x423a99 16
2 path.c:191 0x423ac9 13
2 path.c:205 0x423ae9 6
2 path.c:205 0x423b09 7
3 path.c:223 0x423ac9 0x423ac9 13 13
4 path.c:246 0x4239f9 13
4 path.c:31 0x4239d9 6
4 path.c:31 0x4239b9 7
4 dynarray.c:112 0x423909 16
4 dynarray.c:113 0x423989 24
4 path.c:254 0x423629 24
2 path.c:178 0x423629 24
1 dynarray.c:84 0x4239f9 24
2 dynarray.c:95 0x423989 24
2 path.c:191 0x423b29 25
2 path.c:205 0x4239b9 6
2 path.c:205 0x4239d9 7
2 path.c:205 0x423b59 12
3 path.c:223 0x423b29 0x423b29 25 25
1 bdtBad4.c:143 0x423b79 32
2 path.c:178 0x423bb9 24
1 dynarray.c:84 0x423909 24
2 dynarray.c:95 0x423be9 24
2 path.c:191 0x423c19 25
2 path.c:205 0x423c49 6
2 path.c:205 0x423c69 7
2 path.c:205 0x423c89 12
3 path.c:223 0x423c19 0x423c19 25 25
4 path.c:246 0x423b29 25
4 path.c:31 0x4239b9 6
4 path.c:31 0x4239d9 7
4 path.c:31 0x423b59 12
4 dynarray.c:112 0x423989 24
4 dynarray.c:113 0x4239f9 24
4 path.c:254 0x423629 24
4 path.c:246 0x423659 25
4 path.c:31 0x4236e9 6
4 path.c:31 0x423889 7
4 path.c:31 0x4238a9 12
4 dynarray.c:112 0x4238c9 32
4 dynarray.c:113 0x4235c9 24
4 path.c:254 0x423709 24
1 dynarray.c:84 0x423b29 24
2 dynarray.c:95 0x423709 24
1 bdtBad4.c:663 0x4238c9 42
4 dynarray.c:112 0x423709 24
4 dynarray.c:113 0x423b29 24
2 path.c:128 0x423b29 24
1 dynarray.c:84 0x4235c9 24
2 dynarray.c:95 0x423709 16
2 path.c:90 0x4238a9 6
1 path.c:143 0x423969 6
2 path.c:178 0x423629 24
1 dynarray.c:84 0x423659 24
2 dynarray.c:95 0x4239f9 16
2 path.c:191 0x423889 6
2 path.c:205 0x423b59 6
3 path.c:223 0x423889 0x423889 6 6
4 path.c:246 0x423889 6
4 path.c:31 0x423b59 6
4 dynarray.c:112 0x4239f9 16
4 dynarray.c:113 0x423659 24
4 path.c:254 0x423629 24
4 path.c:246 0x423969 6
4 path.c:31 0x4238a9 6
4 dynarray.c:112 0x423709 16
4 dynarray.c:113 0x4235c9 24
4 path.c:254 0x423b29 24
2 path.c:128 0x423b29 24
1 dynarray.c:84 0x423989 24
2 dynarray.c:95 0x4235c9 16
2 path.c:90 0x4238a9 6
2 path.c:90 0x423969 7
1 path.c:143 0x4236e9 13
2 path.c:178 0x423629 24
1 dynarray.c:84 0x423709 24
2 dynarray.c:95 0x423659 16
2 path.c:191 0x423b59 13
2 path.c:205 0x4239d9 6
3 path.c:223 0x423b59 0x423b59 13 6
4 path.c:246 0x423b59 6
4 path.c:31 0x4239d9 6
4 dynarray.c:112 0x423659 16
4 dynarray.c:113 0x423709 24
4 path.c:254 0x423629 24
2 path.c:178 0x423629 24
1 dynarray.c:84 0x4239f9 24
2 dynarray.c:95 0x423709 16
2 path.c:191 0x4239d9 13
2 path.c:205 0x423b59 6
2 path.c:205 0x4239b9 7
3 path.c:223 0x4239d9 0x4239d9 13 13
4 path.c:246 0x4239d9 13
4 path.c:31 0x423b59 6
4 path.c:31 0x4239b9 7
4 dynarray.c:112 0x423709 16
4 dynarray.c:113 0x4239f9 24
4 path.c:254 0x423629 24
4 path.c:246 0x4236e9 13
4 path.c:31 0x4238a9 6
4 path.c:31 0x423969 7
4 dynarray.c:112 0x4235c9 16
4 dynarray.c:113 0x423989 24
4 path.c:254 0x423b29 24
2 path.c:128 0x423b29 24
1 dynarray.c:84 0x423659 24
2 dynarray.c:95 0x423989 16
2 path.c:90 0x423969 6
2 path.c:90 0x4238a9 7
2 path.c:90 0x4236e9 12
3 dynarray.c:69 0x423ca9 0x423989 16 32
1 path.c:143 0x4235c9 25
2 path.c:178 0x423989 24
1 dynarray.c:84 0x423629 24
2 dynarray.c:95 0x4239f9 16
2 path.c:191 0x423ce9 25
2 path.c:205 0x4239b9 6
3 path.c:223 0x423ce9 0x423ce9 25 6
4 path.c:246 0x423ce9 6
4 path.c:31 0x4239b9 6
4 dynarray.c:112 0x4239f9 16
4 dynarray.c:113 0x423629 24
4 path.c:254 0x423989 24
2 path.c:178 0x423989 24
1 dynarray.c:84 0x423709 24
2 dynarray.c:95 0x423629 16
2 path.c:191 0x423ce9 25
2 path.c:205 0x4239b9 6
2 path.c:205 0x423b59 7
3 path.c:223 0x423ce9 0x423ce9 25 13
4 path.c:246 0x423ce9 13
4 path.c:31 0x4239b9 6
4 path.c:31 0x423b59 7
4 dynarray.c:112 0x423629 16
4 dynarray.c:113 0x423709 24
4 path.c:254 0x423989 24
2 path.c:178 0x423989 24
1 dynarray.c:84 0x4239f9 24
2 dynarray.c:95 0x423709 24
2 path.c:191 0x423ce9 25
2 path.c:205 0x423b59 6
2 path.c:205 0x4239b9 7
2 path.c:205 0x4239d9 12
3 path.c:223 0x423ce9 0x423ce9 25 25
4 path.c:246 0x423ce9 25
4 path.c:31 0x423b59 6
4 path.c:31 0x4239b9 7
4 path.c:31 0x4239d9 12
4 dynarray.c:112 0x423709 24
4 dynarray.c:113 0x4239f9 24
4 path.c:254 0x423989 24
4 path.c:246 0x4235c9 25
4 path.c:31 0x423969 6
4 path.c:31 0x4238a9 7
4 path.c:31 0x4236e9 12
4 dynarray.c:112 0x423ca9 32
4 dynarray.c:113 0x423659 24
4 path.c:254 0x423b29 24
2 path.c:128 0x423b29 24
1 dynarray.c:84 0x423629 24
2 dynarray.c:95 0x423659 16
2 path.c:90 0x4236e9 12
1 path.c:143 0x423889 12
2 path.c:178 0x423989 24
1 dynarray.c:84 0x4235c9 24
2 dynarray.c:95 0x4239f9 16
2 path.c:191 0x4238a9 12
2 path.c:205 0x4239d9 12
3 path.c:223 0x4238a9 0x4238a9 12 12
4 path.c:246 0x4238a9 12
4 path.c:31 0x4239d9 12
4 dynarray.c:112 0x4239f9 16
4 dynarray.c:113 0x4235c9 24
4 path.c:254 0x423989 24
4 path.c:246 0x423889 12
4 path.c:31 0x4236e9 12
4 dynarray.c:112 0x423659 16
4 dynarray.c:113 0x423629 24
4 path.c:254 0x423b29 24
2 path.c:128 0x423b29 24
1 dynarray.c:84 0x423709 24
2 dynarray.c:95 0x423629 16
2 path.c:90 0x4236e9 12
1 path.c:143 0x423969 12
2 path.c:178 0x423989 24
1 dynarray.c:84 0x423659 24
2 dynarray.c:95 0x4235c9 16
2 path.c:191 0x423889 12
2 path.c:205 0x4238a9 12
3 path.c:223 0x423889 0x423889 12 12
4 path.c:246 0x423889 12
4 path.c:31 0x4238a9 12
4 dynarray.c:112 0x4235c9 16
4 dynarray.c:113 0x423659 24
4 path.c:254 0x423989 24
4 path.c:246 0x423969 12
4 path.c:31 0x4236e9 12
4 dynarray.c:112 0x423629 16
4 dynarray.c:113 0x423709 24
4 path.c:254 0x423b29 24
2 path.c:128 0x423b29 24
1 dynarray.c:84 0x4239f9 24
2 dynarray.c:95 0x423709 16
2 path.c:90 0x4236e9 12
1 path.c:143 0x4239d9 12
2 path.c:178 0x423989 24
1 dynarray.c:84 0x423629 24
2 dynarray.c:95 0x423659 16
2 path.c:191 0x423969 12
2 path.c:205 0x423889 12
3 path.c:223 0x423969 0x423969 12 12
4 path.c:246 0x423969 12
4 path.c:31 0x423889 12
4 dynarray.c:112 0x423659 16
4 dynarray.c:113 0x423629 24
4 path.c:254 0x423989 24
4 path.c:246 0x4239d9 12
4 path.c:31 0x4236e9 12
4 dynarray.c:112 0x423709 16
4 dynarray.c:113 0x4239f9 24
4 path.c:254 0x423b29 24
2 path.c:128 0x423b29 24
1 dynarray.c:84 0x4235c9 24
2 dynarray.c:95 0x4239f9 16
2 path.c:90 0x4236e9 6
2 path.c:90 0x4239d9 8
1 path.c:143 0x4238a9 14
2 path.c:178 0x423989 24
1 dynarray.c:84 0x423709 24
2 dynarray.c:95 0x423629 16
2 path.c:191 0x423889 14
2 path.c:205 0x4239b9 6
3 path.c:223 0x423889 0x423889 14 6
4 path.c:246 0x423889 6
4 path.c:31 0x4239b9 6
4 dynarray.c:112 0x423629 16
4 dynarray.c:113 0x423709 24
4 path.c:254 0x423989 24
2 path.c:178 0x423989 24
1 dynarray.c:84 0x423659 24
2 dynarray.c:95 0x423709 16
2 path.c:191 0x4239b9 14
2 path.c:205 0x423889 6
2 path.c:205 0x423b59 8
3 path.c:223 0x4239b9 0x4239b9 14 14
4 path.c:246 0x4239b9 14
4 path.c:31 0x423889 6
4 path.c:31 0x423b59 8
4 dynarray.c:112 0x423709 16
4 dynarray.c:113 0x423659 24
4 path.c:254 0x423989 24
4 path.c:246 0x4238a9 14
4 path.c:31 0x4236e9 6
4 path.c:31 0x4239d9 8
4 dynarray.c:112 0x4239f9 16
4 dynarray.c:113 0x4235c9 24
4 path.c:254 0x423b29 24
2 path.c:128 0x423b29 24
1 dynarray.c:84 0x423629 24
2 dynarray.c:95 0x4235c9 16
2 path.c:90 0x4239d9 6
2 path.c:90 0x4236e9 7
2 path.c:90 0x4238a9 12
3 dynarray.c:69 0x423d19 0x4235c9 16 32
1 path.c:143 0x4239f9 25
2 path.c:178 0x4235c9 24
1 dynarray.c:84 0x423989 24
2 dynarray.c:95 0x423659 16
2 path.c:191 0x423ce9 25
2 path.c:205 0x423b59 6
3 path.c:223 0x423ce9 0x423ce9 25 6
4 path.c:246 0x423ce9 6
4 path.c:31 0x423b59 6
4 dynarray.c:112 0x423659 16
4 dynarray.c:113 0x423989 24
4 path.c:254 0x4235c9 24
2 path.c:178 0x4235c9 24
1 dynarray.c:84 0x423709 24
2 dynarray.c:95 0x423989 16
2 path.c:191 0x423ce9 25
2 path.c:205 0x423b59 6
2 path.c:205 0x423889 7
3 path.c:223 0x423ce9 0x423ce9 25 13
4 path.c:246 0x423ce9 13
4 path.c:31 0x423b59 6
4 path.c:31 0x423889 7
4 dynarray.c:112 0x423989 16
4 dynarray.c:113 0x423709 24
4 path.c:254 0x4235c9 24
2 path.c:178 0x4235c9 24
1 dynarray.c:84 0x423659 24
2 dynarray.c:95 0x423709 24
2 path.c:191 0x423ce9 25
2 path.c:205 0x423889 6
2 path.c:205 0x423b59 7
2 path.c:205 0x4239b9 12
3 path.c:223 0x423ce9 0x423ce9 25 25
4 path.c:246 0x423ce9 25
4 path.c:31 0x423889 6
4 path.c:31 0x423b59 7
4 path.c:31 0x4239b9 12
4 dynarray.c:112 0x423709 24
4 dynarray.c:113 0x423659 24
4 path.c:254 0x4235c9 24
4 path.c:246 0x4239f9 25
4 path.c:31 0x4239d9 6
4 path.c:31 0x4236e9 7
4 path.c:31 0x4238a9 12
4 dynarray.c:112 0x423d19 32
4 dynarray.c:113 0x423629 24
4 path.c:254 0x423b29 24
2 path.c:128 0x423b29 24
1 dynarray.c:84 0x423989 24
2 dynarray.c:95 0x423629 16
2 path.c:90 0x4238a9 12
2 path.c:90 0x4236e9 6
2 path.c:90 0x4239d9 9
3 dynarray.c:69 0x423d59 0x423629 16 32
1 path.c:143 0x4239f9 27
2 path.c:178 0x423629 24
1 dynarray.c:84 0x4235c9 24
2 dynarray.c:95 0x423659 16
2 path.c:191 0x423ce9 27
2 path.c:205 0x4239b9 12
3 path.c:223 0x423ce9 0x423ce9 27 12
4 path.c:246 0x423ce9 12
4 path.c:31 0x4239b9 12
4 dynarray.c:112 0x423659 16
4 dynarray.c:113 0x4235c9 24
4 path.c:254 0x423629 24
4 path.c:246 0x4239f9 27
4 path.c:31 0x4238a9 12
4 path.c:31 0x4236e9 6
4 path.c:31 0x4239d9 9
4 dynarray.c:112 0x423d59 32
4 dynarray.c:113 0x423989 24
4 path.c:254 0x423b29 24
2 path.c:128 0x423b29 24
1 dynarray.c:84 0x423709 24
2 dynarray.c:95 0x423989 16
2 path.c:90 0x4239d9 6
2 path.c:90 0x4236e9 8
1 path.c:143 0x423969 14
2 path.c:178 0x423629 24
1 dynarray.c:84 0x4239f9 24
2 dynarray.c:95 0x4235c9 16
2 path.c:191 0x4238a9 14
2 path.c:205 0x423b59 6
3 path.c:223 0x4238a9 0x4238a9 14 6
4 path.c:246 0x4238a9 6
4 path.c:31 0x423b59 6
4 dynarray.c:112 0x4235c9 16
4 dynarray.c:113 0x4239f9 24
4 path.c:254 0x423629 24
2 path.c:178 0x423629 24
1 dynarray.c:84 0x423659 24
2 dynarray.c:95 0x4239f9 16
2 path.c:191 0x423b59 14
2 path.c:205 0x4238a9 6
2 path.c:205 0x423889 8
3 path.c:223 0x423b59 0x423b59 14 14
4 path.c:246 0x423b59 14
4 path.c:31 0x4238a9 6
4 path.c:31 0x423889 8
4 dynarray.c:112 0x4239f9 16
4 dynarray.c:113 0x423659 24
4 path.c:254 0x423629 24
2 path.c:178 0x423629 24
1 dynarray.c:84 0x4235c9 24
2 dynarray.c:95 0x423659 16
2 path.c:191 0x423889 14
2 path.c:205 0x4238a9 6
2 path.c:205 0x423b59 8
3 path.c:223 0x423889 0x423889 14 14
1 bdtBad4.c:143 0x423d59 32
2 path.c:178 0x423ce9 24
1 dynarray.c:84 0x4239f9 24
2 dynarray.c:95 0x423d99 16
2 path.c:191 0x423dc9 14
2 path.c:205 0x423de9 6
2 path.c:205 0x423e09 8
3 path.c:223 0x423dc9 0x423dc9 14 14
4 path.c:246 0x423889 14
4 path.c:31 0x4238a9 6
4 path.c:31 0x423b59 8
4 dynarray.c:112 0x423659 16
4 dynarray.c:113 0x4235c9 24
4 path.c:254 0x423629 24
4 path.c:246 0x423969 14
4 path.c:31 0x4239d9 6
4 path.c:31 0x4236e9 8
4 dynarray.c:112 0x423989 16
4 dynarray.c:113 0x423709 24
4 path.c:254 0x423b29 24
1 dynarray.c:84 0x423659 24
2 dynarray.c:95 0x423e29 32
1 bdtBad4.c:663 0x423e69 55
4 dynarray.c:112 0x423e29 32
4 dynarray.c:113 0x423659 24
2 path.c:128 0x423b29 24
1 dynarray.c:84 0x423659 24
2 dynarray.c:95 0x423709 16
2 path.c:90 0x4236e9 6
2 path.c:90 0x4239d9 7
1 path.c:143 0x4239b9 13
2 path.c:178 0x423629 24
1 dynarray.c:84 0x423989 24
2 dynarray.c:95 0x4235c9 16
2 path.c:191 0x423969 13
2 path.c:205 0x4238a9 6
3 path.c:223 0x423969 0x423969 13 6
4 path.c:246 0x423969 6
4 path.c:31 0x4238a9 6
4 dynarray.c:112 0x4235c9 16
4 dynarray.c:113 0x423989 24
4 path.c:254 0x423629 24
2 path.c:178 0x423629 24
1 dynarray.c:84 0x4235c9 24
2 dynarray.c:95 0x423989 16
2 path.c:191 0x4238a9 13
2 path.c:205 0x423969 6
2 path.c:205 0x423889 7
3 path.c:223 0x4238a9 0x4238a9 13 13
4 path.c:246 0x4238a9 13
4 path.c:31 0x423969 6
4 path.c:31 0x423889 7
4 dynarray.c:112 0x423989 16
4 dynarray.c:113 0x4235c9 24
4 path.c:254 0x423629 24
2 path.c:178 0x423629 24
1 dynarray.c:84 0x423989 24
2 dynarray.c:95 0x4235c9 16
2 path.c:191 0x423889 13
2 path.c:205 0x423969 6
2 path.c:205 0x4238a9 7
3 path.c:223 0x423889 0x423889 13 13
1 bdtBad4.c:143 0x423e29 32
2 path.c:178 0x423eb9 24
1 dynarray.c:84 0x423939 24
2 dynarray.c:95 0x423ee9 16
2 path.c:191 0x423f19 13
2 path.c:205 0x423f39 6
2 path.c:205 0x423f59 7
3 path.c:223 0x423f19 0x423f19 13 13
4 path.c:246 0x423f19 13
4 path.c:31 0x423f39 6
4 path.c:31 0x423f59 7
4 dynarray.c:112 0x423ee9 16
4 dynarray.c:113 0x423939 24
4 path.c:254 0x423eb9 24
4 bdtBad4.c:193 0x423e29 32
4 path.c:246 0x4239b9 13
4 path.c:31 0x4236e9 6
4 path.c:31 0x4239d9 7
4 dynarray.c:112 0x423709 16
4 dynarray.c:113 0x423659 24
4 path.c:254 0x423b29 24
4 path.c:246 0x423889 13
4 path.c:31 0x423969 6
4 path.c:31 0x4238a9 7
4 dynarray.c:112 0x4235c9 16
4 dynarray.c:113 0x423989 24
4 path.c:254 0x423629 24
2 path.c:128 0x423629 24
1 dynarray.c:84 0x423939 24
2 dynarray.c:95 0x423989 16
2 path.c:90 0x4238a9 6
2 path.c:90 0x423969 4
2 path.c:90 0x423889 5
3 dynarray.c:69 0x423f79 0x423989 16 32
2 path.c:90 0x4239d9 7
1 path.c:143 0x4235c9 22
2 path.c:178 0x423989 24
1 dynarray.c:84 0x423b29 24
2 dynarray.c:95 0x423659 16
2 path.c:191 0x423eb9 22
2 path.c:205 0x4236e9 6
3 path.c:223 0x423eb9 0x423eb9 22 6
4 path.c:246 0x423eb9 6
4 path.c:31 0x4236e9 6
4 dynarray.c:112 0x423659 16
4 dynarray.c:113 0x423b29 24
4 path.c:254 0x423989 24
2 path.c:178 0x423989 24
1 dynarray.c:84 0x423709 24
2 dynarray.c:95 0x423b29 16
2 path.c:191 0x423eb9 22
2 path.c:205 0x4236e9 6
2 path.c:205 0x4239b9 4
3 path.c:223 0x423eb9 0x423eb9 22 10
4 path.c:246 0x423eb9 10
4 path.c:31 0x4236e9 6
4 path.c:31 0x4239b9 4
4 dynarray.c:112 0x423b29 16
4 dynarray.c:113 0x423709 24
4 path.c:254 0x423989 24
2 path.c:178 0x423989 24
1 dynarray.c:84 0x423659 24
2 dynarray.c:95 0x423709 16
2 path.c:191 0x423eb9 22
2 path.c:205 0x4239b9 6
2 path.c:205 0x4236e9 4
3 path.c:223 0x423eb9 0x423eb9 22 10
1 bdtBad4.c:143 0x423e29 32
2 path.c:178 0x423fb9 24
1 dynarray.c:84 0x423b29 24
2 dynarray.c:95 0x423fe9 16
2 path.c:191 0x423f59 10
2 path.c:205 0x423f39 6
2 path.c:205 0x423f19 4
3 path.c:223 0x423f59 0x423f59 10 10
4 path.c:246 0x423f59 10
4 path.c:31 0x423f39 6
4 path.c:31 0x423f19 4
4 dynarray.c:112 0x423fe9 16
4 dynarray.c:113 0x423b29 24
4 path.c:254 0x423fb9 24
4 bdtBad4.c:193 0x423e29 32
4 path.c:246 0x4235c9 22
4 path.c:31 0x4238a9 6
4 path.c:31 0x423969 4
4 path.c:31 0x423889 5
4 path.c:31 0x4239d9 7
4 dynarray.c:112 0x423f79 32
4 dynarray.c:113 0x423939 24
4 path.c:254 0x423629 24
4 path.c:246 0x423eb9 10
4 path.c:31 0x4239b9 6
4 path.c:31 0x4236e9 4
4 dynarray.c:112 0x423709 16
4 dynarray.c:113 0x423659 24
4 path.c:254 0x423989 24
2 path.c:128 0x423989 24
1 dynarray.c:84 0x423fe9 24
2 dynarray.c:95 0x423659 16
2 path.c:90 0x4236e9 6
1 path.c:143 0x423b59 6
2 path.c:178 0x423eb9 24
1 dynarray.c:84 0x423709 24
2 dynarray.c:95 0x423629 16
2 path.c:191 0x4239b9 6
2 path.c:205 0x423889 6
3 path.c:223 0x4239b9 0x4239b9 6 6
4 path.c:246 0x4239b9 6
4 path.c:31 0x423889 6
4 dynarray.c:112 0x423629 16
4 dynarray.c:113 0x423709 24
4 path.c:254 0x423eb9 24
4 path.c:246 0x423b59 6
4 path.c:31 0x4236e9 6
4 dynarray.c:112 0x423659 16
4 dynarray.c:113 0x423fe9 24
4 path.c:254 0x423989 24
2 path.c:128 0x423989 24
1 dynarray.c:84 0x423939 24
2 dynarray.c:95 0x423fe9 16
2 path.c:90 0x4236e9 6
2 path.c:90 0x423b59 7
1 path.c:143 0x4239d9 13
2 path.c:178 0x423eb9 24
1 dynarray.c:84 0x423659 24
2 dynarray.c:95 0x423709 16
2 path.c:191 0x423889 13
2 path.c:205 0x423969 6
3 path.c:223 0x423889 0x423889 13 6
4 path.c:246 0x423889 6
4 path.c:31 0x423969 6
4 dynarray.c:112 0x423709 16
4 dynarray.c:113 0x423659 24
4 path.c:254 0x423eb9 24
2 path.c:178 0x423eb9 24
1 dynarray.c:84 0x423629 24
2 dynarray.c:95 0x423659 16
2 path.c:191 0x423969 13
2 path.c:205 0x423889 6
2 path.c:205 0x4238a9 7
3 path.c:223 0x423969 0x423969 13 13
4 path.c:246 0x423969 13
4 path.c:31 0x423889 6
4 path.c:31 0x4238a9 7
4 dynarray.c:112 0x423659 16
4 dynarray.c:113 0x423629 24
4 path.c:254 0x423eb9 24
4 path.c:246 0x4239d9 13
4 path.c:31 0x4236e9 6
4 path.c:31 0x423b59 7
4 dynarray.c:112 0x423fe9 16
4 dynarray.c:113 0x423939 24
4 path.c:254 0x423989 24
2 path.c:128 0x423989 24
1 dynarray.c:84 0x423709 24
2 dynarray.c:95 0x423939 16
2 path.c:90 0x423b59 6
2 path.c:90 0x4236e9 8
1 path.c:143 0x4239b9 14
2 path.c:178 0x423eb9 24
1 dynarray.c:84 0x423fe9 24
2 dynarray.c:95 0x423629 16
2 path.c:191 0x4239d9 14
2 path.c:205 0x423889 6
3 path.c:223 0x4239d9 0x4239d9 14 6
4 path.c:246 0x4239d9 6
4 path.c:31 0x423889 6
4 dynarray.c:112 0x423629 16
4 dynarray.c:113 0x423fe9 24
4 path.c:254 0x423eb9 24
2 path.c:178 0x423eb9 24
1 dynarray.c:84 0x423659 24
2 dynarray.c:95 0x423fe9 16
2 path.c:191 0x423889 14
2 path.c:205 0x4239d9 6
2 path.c:205 0x423969 8
3 path.c:223 0x423889 0x423889 14 14
4 path.c:246 0x423889 14
4 path.c:31 0x4239d9 6
4 path.c:31 0x423969 8
4 dynarray.c:112 0x423fe9 16
4 dynarray.c:113 0x423659 24
4 path.c:254 0x423eb9 24
4 path.c:246 0x4239b9 14
4 path.c:31 0x423b59 6
4 path.c:31 0x4236e9 8
4 dynarray.c:112 0x423939 16
4 dynarray.c:113 0x423709 24
4 path.c:254 0x423989 24
2 path.c:128 0x423989 24
1 dynarray.c:84 0x423629 24
2 dynarray.c:95 0x423709 16
2 path.c:90 0x4236e9 6
2 path.c:90 0x423b59 7
1 path.c:143 0x4238a9 13
2 path.c:178 0x423eb9 24
1 dynarray.c:84 0x423939 24
2 dynarray.c:95 0x423659 16
2 path.c:191 0x4239b9 13
2 path.c:205 0x4239d9 6
3 path.c:223 0x4239b9 0x4239b9 13 6
4 path.c:246 0x4239b9 6
4 path.c:31 0x4239d9 6
4 dynarray.c:112 0x423659 16
4 dynarray.c:113 0x423939 24
4 path.c:254 0x423eb9 24
2 path.c:178 0x423eb9 24
1 dynarray.c:84 0x423fe9 24
2 dynarray.c:95 0x423939 16
2 path.c:191 0x4239d9 13
2 path.c:205 0x4239b9 6
2 path.c:205 0x423889 7
3 path.c:223 0x4239d9 0x4239d9 13 13
4 path.c:246 0x4239d9 13
4 path.c:31 0x4239b9 6
4 path.c:31 0x423889 7
4 dynarray.c:112 0x423939 16
4 dynarray.c:113 0x423fe9 24
4 path.c:254 0x423eb9 24
4 path.c:246 0x4238a9 13
4 path.c:31 0x4236e9 6
4 path.c:31 0x423b59 7
4 dynarray.c:112 0x423709 16
4 dynarray.c:113 0x423629 24
4 path.c:254 0x423989 24
2 path.c:128 0x423989 24
1 dynarray.c:84 0x423659 24
2 dynarray.c:95 0x423629 16
2 path.c:90 0x423b59 6
2 path.c:90 0x4236e9 4
1 path.c:143 0x423969 10
2 path.c:178 0x423eb9 24
1 dynarray.c:84 0x423709 24
2 dynarray.c:95 0x423fe9 16
2 path.c:191 0x4238a9 10
2 path.c:205 0x4239b9 6
3 path.c:223 0x4238a9 0x4238a9 10 6
4 path.c:246 0x4238a9 6
4 path.c:31 0x4239b9 6
4 dynarray.c:112 0x423fe9 16
4 dynarray.c:113 0x423709 24
4 path.c:254 0x423eb9 24
2 path.c:178 0x423eb9 24
1 dynarray.c:84 0x423939 24
2 dynarray.c:95 0x423709 16
2 path.c:191 0x4239b9 10
2 path.c:205 0x4238a9 6
2 path.c:205 0x4239d9 4
3 path.c:223 0x4239b9 0x4239b9 10 10
4 path.c:246 0x4239b9 10
4 path.c:31 0x4238a9 6
4 path.c:31 0x4239d9 4
4 dynarray.c:112 0x423709 16
4 dynarray.c:113 0x423939 24
4 path.c:254 0x423eb9 24
4 path.c:246 0x423969 10
4 path.c:31 0x423b59 6
4 path.c:31 0x4236e9 4
4 dynarray.c:112 0x423629 16
4 dynarray.c:113 0x423659 24
4 path.c:254 0x423989 24
2 path.c:128 0x423989 24
1 dynarray.c:84 0x423fe9 24
2 dynarray.c:95 0x423659 16
2 path.c:90 0x4236e9 6
2 path.c:90 0x423b59 4
2 path.c:90 0x423969 5
3 dynarray.c:69 0x424019 0x423659 16 32
1 path.c:143 0x423629 15
2 path.c:178 0x423659 24
1 dynarray.c:84 0x423eb9 24
2 dynarray.c:95 0x423939 16
2 path.c:191 0x4235c9 15
2 path.c:205 0x4239d9 6
3 path.c:223 0x4235c9 0x4235c9 15 6
4 path.c:246 0x4235c9 6
4 path.c:31 0x4239d9 6
4 dynarray.c:112 0x423939 16
4 dynarray.c:113 0x423eb9 24
4 path.c:254 0x423659 24
2 path.c:178 0x423659 24
1 dynarray.c:84 0x423709 24
2 dynarray.c:95 0x423eb9 16
2 path.c:191 0x4235c9 15
2 path.c:205 0x4239d9 6
2 path.c:205 0x4238a9 4
3 path.c:223 0x4235c9 0x4235c9 15 10
4 path.c:246 0x4235c9 10
4 path.c:31 0x4239d9 6
4 path.c:31 0x4238a9 4
4 dynarray.c:112 0x423eb9 16
4 dynarray.c:113 0x423709 24
4 path.c:254 0x423659 24
4 path.c:246 0x423629 15
4 path.c:31 0x4236e9 6
4 path.c:31 0x423b59 4
4 path.c:31 0x423969 5
4 dynarray.c:112 0x424019 32
4 dynarray.c:113 0x423fe9 24
4 path.c:254 0x423989 24
2 path.c:128 0x423989 24
1 dynarray.c:84 0x423939 24
2 dynarray.c:95 0x423fe9 16
2 path.c:90 0x423969 6
2 path.c:90 0x423b59 4
2 path.c:90 0x4236e9 5
3 dynarray.c:69 0x424059 0x423fe9 16 32
2 path.c:90 0x4238a9 7
1 path.c:143 0x423629 22
2 path.c:178 0x423fe9 24
1 dynarray.c:84 0x423659 24
2 dynarray.c:95 0x423709 16
2 path.c:191 0x4235c9 22
2 path.c:205 0x4239d9 6
3 path.c:223 0x4235c9 0x4235c9 22 6
4 path.c:246 0x4235c9 6
4 path.c:31 0x4239d9 6
4 dynarray.c:112 0x423709 16
4 dynarray.c:113 0x423659 24
4 path.c:254 0x423fe9 24
2 path.c:178 0x423fe9 24
1 dynarray.c:84 0x423eb9 24
2 dynarray.c:95 0x423659 16
2 path.c:191 0x4235c9 22
2 path.c:205 0x4239d9 6
2 path.c:205 0x4239b9 4
3 path.c:223 0x4235c9 0x4235c9 22 10
4 path.c:246 0x4235c9 10
4 path.c:31 0x4239d9 6
4 path.c:31 0x4239b9 4
4 dynarray.c:112 0x423659 16
4 dynarray.c:113 0x423eb9 24
4 path.c:254 0x423fe9 24
4 path.c:246 0x423629 22
4 path.c:31 0x423969 6
4 path.c:31 0x423b59 4
4 path.c:31 0x4236e9 5
4 path.c:31 0x4238a9 7
4 dynarray.c:112 0x424059 32
4 dynarray.c:113 0x423939 24
4 path.c:254 0x423989 24
1 dynarray.c:84 0x423709 24
2 dynarray.c:95 0x424099 32
1 bdtBad4.c:663 0x4240d9 55
4 dynarray.c:112 0x424099 32
4 dynarray.c:113 0x423709 24
6 bdt_client.c:82 0x4240d9
4 bdt_client.c:82 0x4240d9 55
2 path.c:128 0x423989 24
1 dynarray.c:84 0x423709 24
2 dynarray.c:95 0x423939 16
2 path.c:90 0x4238a9 6
2 path.c:90 0x4236e9 7
2 path.c:90 0x423b59 12
3 dynarray.c:69 0x424129 0x423939 16 32
1 path.c:143 0x423629 25
2 path.c:178 0x423939 24
1 dynarray.c:84 0x423fe9 24
2 dynarray.c:95 0x423eb9 16
2 path.c:191 0x4235c9 25
2 path.c:205 0x423969 6
3 path.c:223 0x4235c9 0x4235c9 25 6
4 path.c:246 0x4235c9 6
4 path.c:31 0x423969 6
4 dynarray.c:112 0x423eb9 16
4 dynarray.c:113 0x423fe9 24
4 path.c:254 0x423939 24
2 path.c:178 0x423939 24
1 dynarray.c:84 0x423659 24
2 dynarray.c:95 0x423fe9 16
2 path.c:191 0x4235c9 25
2 path.c:205 0x423969 6
2 path.c:205 0x4239b9 7
3 path.c:223 0x4235c9 0x4235c9 25 13
4 path.c:246 0x4235c9 13
4 path.c:31 0x423969 6
4 path.c:31 0x4239b9 7
4 dynarray.c:112 0x423fe9 16
4 dynarray.c:113 0x423659 24
4 path.c:254 0x423939 24
2 path.c:178 0x423939 24
1 dynarray.c:84 0x423eb9 24
2 dynarray.c:95 0x423659 24
2 path.c:191 0x4235c9 25
2 path.c:205 0x4239b9 6
2 path.c:205 0x423969 7
2 path.c:205 0x4239d9 12
3 path.c:223 0x4235c9 0x4235c9 25 25
4 path.c:246 0x4235c9 25
4 path.c:31 0x4239b9 6
4 path.c:31 0x423969 7
4 path.c:31 0x4239d9 12
4 dynarray.c:112 0x423659 24
4 dynarray.c:113 0x423eb9 24
4 path.c:254 0x423939 24
4 path.c:246 0x423629 25
4 path.c:31 0x4238a9 6
4 path.c:31 0x4236e9 7
4 path.c:31 0x423b59 12
4 dynarray.c:112 0x424129 32
4 dynarray.c:113 0x423709 24
4 path.c:254 0x423989 24
